This file contains any messages produced by compilers while
running configure, to aid debugging if configure makes a mistake.

It was created by ODE configure 0.12, which was
generated by GNU Autoconf 2.69.  Invocation command line was

  $ ./configure 

## --------- ##
## Platform. ##
## --------- ##

hostname = ip0af5108c.int.uvm.edu
uname -m = x86_64
uname -r = 17.7.0
uname -s = Darwin
uname -v = Darwin Kernel Version 17.7.0: Sun Jun  2 20:31:42 PDT 2019; root:xnu-4570.71.46~1/RELEASE_X86_64

/usr/bin/uname -p = i386
/bin/uname -X     = unknown

/bin/arch              = unknown
/usr/bin/arch -k       = unknown
/usr/convex/getsysinfo = unknown
/usr/bin/hostinfo      = Mach kernel version:
	 Darwin Kernel Version 17.7.0: Sun Jun  2 20:31:42 PDT 2019; root:xnu-4570.71.46~1/RELEASE_X86_64
Kernel configured for up to 8 processors.
4 processors are physically available.
8 processors are logically available.
Processor type: x86_64h (Intel x86-64h Haswell)
Processors active: 0 1 2 3 4 5 6 7
Primary memory available: 16.00 gigabytes
Default processor set: 401 tasks, 2085 threads, 8 processors
Load average: 1.80, Mach factor: 6.23
/bin/machine           = unknown
/usr/bin/oslevel       = unknown
/bin/universe          = unknown

PATH: /opt/local/bin
PATH: /opt/local/sbin
PATH: /Users/JeanBaptisteBolh/anaconda3/bin
PATH: /Users/JeanBaptisteBolh/anaconda3/condabin
PATH: /Users/JeanBaptisteBolh/.rbenv/shims
PATH: /Users/JeanBaptisteBolh/.rbenv/bin
PATH: /usr/local/bin
PATH: /Library/Frameworks/Python.framework/Versions/2.7/bin
PATH: /usr/local/bin
PATH: /usr/bin
PATH: /bin
PATH: /usr/sbin
PATH: /sbin


## ----------- ##
## Core tests. ##
## ----------- ##

configure:2737: checking build system type
configure:2751: result: x86_64-apple-darwin17.7.0
configure:2771: checking host system type
configure:2784: result: x86_64-apple-darwin17.7.0
configure:2821: checking for a BSD-compatible install
configure:2889: result: /usr/local/bin/ginstall -c
configure:2900: checking whether build environment is sane
configure:2955: result: yes
configure:3106: checking for a thread-safe mkdir -p
configure:3145: result: /usr/local/bin/gmkdir -p
configure:3152: checking for gawk
configure:3182: result: no
configure:3152: checking for mawk
configure:3182: result: no
configure:3152: checking for nawk
configure:3182: result: no
configure:3152: checking for awk
configure:3168: found /usr/bin/awk
configure:3179: result: awk
configure:3190: checking whether make sets $(MAKE)
configure:3212: result: yes
configure:3241: checking whether make supports nested variables
configure:3258: result: yes
configure:3387: checking whether make sets $(MAKE)
configure:3409: result: yes
configure:3476: checking for g++
configure:3492: found /usr/bin/g++
configure:3503: result: g++
configure:3530: checking for C++ compiler version
configure:3539: g++ --version >&5
Apple LLVM version 10.0.0 (clang-1000.11.45.5)
Target: x86_64-apple-darwin17.7.0
Thread model: posix
InstalledDir: /Applications/Xcode.app/Contents/Developer/Toolchains/XcodeDefault.xctoolchain/usr/bin
Configured with: --prefix=/Applications/Xcode.app/Contents/Developer/usr --with-gxx-include-dir=/usr/include/c++/4.2.1
configure:3550: $? = 0
configure:3539: g++ -v >&5
Configured with: --prefix=/Applications/Xcode.app/Contents/Developer/usr --with-gxx-include-dir=/usr/include/c++/4.2.1
Apple LLVM version 10.0.0 (clang-1000.11.45.5)
Target: x86_64-apple-darwin17.7.0
Thread model: posix
InstalledDir: /Applications/Xcode.app/Contents/Developer/Toolchains/XcodeDefault.xctoolchain/usr/bin
configure:3550: $? = 0
configure:3539: g++ -V >&5
clang: error: argument to '-V' is missing (expected 1 value)
clang: error: no input files
configure:3550: $? = 1
configure:3539: g++ -qversion >&5
clang: error: unknown argument: '-qversion'
clang: error: no input files
configure:3550: $? = 1
configure:3570: checking whether the C++ compiler works
configure:3592: g++    conftest.cpp  >&5
configure:3596: $? = 0
configure:3644: result: yes
configure:3647: checking for C++ compiler default output file name
configure:3649: result: a.out
configure:3655: checking for suffix of executables
configure:3662: g++ -o conftest    conftest.cpp  >&5
configure:3666: $? = 0
configure:3688: result: 
configure:3710: checking whether we are cross compiling
configure:3718: g++ -o conftest    conftest.cpp  >&5
configure:3722: $? = 0
configure:3729: ./conftest
configure:3733: $? = 0
configure:3748: result: no
configure:3753: checking for suffix of object files
configure:3775: g++ -c   conftest.cpp >&5
configure:3779: $? = 0
configure:3800: result: o
configure:3804: checking whether we are using the GNU C++ compiler
configure:3823: g++ -c   conftest.cpp >&5
configure:3823: $? = 0
configure:3832: result: yes
configure:3841: checking whether g++ accepts -g
configure:3861: g++ -c -g  conftest.cpp >&5
configure:3861: $? = 0
configure:3902: result: yes
configure:3928: checking whether make supports the include directive
configure:3943: make -f confmf.GNU && cat confinc.out
this is the am__doit target
configure:3946: $? = 0
configure:3965: result: yes (GNU style)
configure:3990: checking dependency style of g++
configure:4101: result: gcc3
configure:4164: checking for gcc
configure:4180: found /usr/bin/gcc
configure:4191: result: gcc
configure:4420: checking for C compiler version
configure:4429: gcc --version >&5
Apple LLVM version 10.0.0 (clang-1000.11.45.5)
Target: x86_64-apple-darwin17.7.0
Thread model: posix
InstalledDir: /Applications/Xcode.app/Contents/Developer/Toolchains/XcodeDefault.xctoolchain/usr/bin
Configured with: --prefix=/Applications/Xcode.app/Contents/Developer/usr --with-gxx-include-dir=/usr/include/c++/4.2.1
configure:4440: $? = 0
configure:4429: gcc -v >&5
Configured with: --prefix=/Applications/Xcode.app/Contents/Developer/usr --with-gxx-include-dir=/usr/include/c++/4.2.1
Apple LLVM version 10.0.0 (clang-1000.11.45.5)
Target: x86_64-apple-darwin17.7.0
Thread model: posix
InstalledDir: /Applications/Xcode.app/Contents/Developer/Toolchains/XcodeDefault.xctoolchain/usr/bin
configure:4440: $? = 0
configure:4429: gcc -V >&5
clang: error: argument to '-V' is missing (expected 1 value)
clang: error: no input files
configure:4440: $? = 1
configure:4429: gcc -qversion >&5
clang: error: unknown argument: '-qversion'
clang: error: no input files
configure:4440: $? = 1
configure:4444: checking whether we are using the GNU C compiler
configure:4463: gcc -c   conftest.c >&5
configure:4463: $? = 0
configure:4472: result: yes
configure:4481: checking whether gcc accepts -g
configure:4501: gcc -c -g  conftest.c >&5
configure:4501: $? = 0
configure:4542: result: yes
configure:4559: checking for gcc option to accept ISO C89
configure:4622: gcc  -c -g -O2  conftest.c >&5
configure:4622: $? = 0
configure:4635: result: none needed
configure:4660: checking whether gcc understands -c and -o together
configure:4682: gcc -c conftest.c -o conftest2.o
configure:4685: $? = 0
configure:4682: gcc -c conftest.c -o conftest2.o
configure:4685: $? = 0
configure:4697: result: yes
configure:4716: checking dependency style of gcc
configure:4827: result: gcc3
configure:4848: checking how to run the C preprocessor
configure:4879: gcc -E  conftest.c
configure:4879: $? = 0
configure:4893: gcc -E  conftest.c
conftest.c:11:10: fatal error: 'ac_nonexistent.h' file not found
#include <ac_nonexistent.h>
         ^~~~~~~~~~~~~~~~~~
1 error generated.
configure:4893: $? = 1
configure: failed program was:
| /* confdefs.h */
| #define PACKAGE_NAME "ODE"
| #define PACKAGE_TARNAME "ode"
| #define PACKAGE_VERSION "0.12"
| #define PACKAGE_STRING "ODE 0.12"
| #define PACKAGE_BUGREPORT "ode@ode.org"
| #define PACKAGE_URL ""
| #define PACKAGE "ode"
| #define VERSION "0.12"
| /* end confdefs.h.  */
| #include <ac_nonexistent.h>
configure:4918: result: gcc -E
configure:4938: gcc -E  conftest.c
configure:4938: $? = 0
configure:4952: gcc -E  conftest.c
conftest.c:11:10: fatal error: 'ac_nonexistent.h' file not found
#include <ac_nonexistent.h>
         ^~~~~~~~~~~~~~~~~~
1 error generated.
configure:4952: $? = 1
configure: failed program was:
| /* confdefs.h */
| #define PACKAGE_NAME "ODE"
| #define PACKAGE_TARNAME "ode"
| #define PACKAGE_VERSION "0.12"
| #define PACKAGE_STRING "ODE 0.12"
| #define PACKAGE_BUGREPORT "ode@ode.org"
| #define PACKAGE_URL ""
| #define PACKAGE "ode"
| #define VERSION "0.12"
| /* end confdefs.h.  */
| #include <ac_nonexistent.h>
configure:4984: checking for gawk
configure:5011: result: awk
configure:5023: checking whether ln -s works
configure:5027: result: yes
configure:5112: checking how to print strings
configure:5139: result: printf
configure:5160: checking for a sed that does not truncate output
configure:5224: result: /usr/bin/sed
configure:5242: checking for grep that handles long lines and -e
configure:5300: result: /usr/bin/grep
configure:5305: checking for egrep
configure:5367: result: /usr/bin/grep -E
configure:5372: checking for fgrep
configure:5434: result: /usr/bin/grep -F
configure:5469: checking for ld used by gcc
configure:5536: result: /Applications/Xcode.app/Contents/Developer/Toolchains/XcodeDefault.xctoolchain/usr/bin/ld
configure:5543: checking if the linker (/Applications/Xcode.app/Contents/Developer/Toolchains/XcodeDefault.xctoolchain/usr/bin/ld) is GNU ld
configure:5558: result: no
configure:5570: checking for BSD- or MS-compatible name lister (nm)
configure:5624: result: /usr/bin/nm -B
configure:5754: checking the name lister (/usr/bin/nm -B) interface
configure:5761: gcc -c -g -O2  conftest.c >&5
configure:5764: /usr/bin/nm -B "conftest.o"
configure:5767: output
00000000000001fc S _some_variable
configure:5774: result: BSD nm
configure:5778: checking the maximum length of command line arguments
configure:5909: result: 196608
configure:5957: checking how to convert x86_64-apple-darwin17.7.0 file names to x86_64-apple-darwin17.7.0 format
configure:5997: result: func_convert_file_noop
configure:6004: checking how to convert x86_64-apple-darwin17.7.0 file names to toolchain format
configure:6024: result: func_convert_file_noop
configure:6031: checking for /Applications/Xcode.app/Contents/Developer/Toolchains/XcodeDefault.xctoolchain/usr/bin/ld option to reload object files
configure:6038: result: -r
configure:6112: checking for objdump
configure:6128: found /usr/bin/objdump
configure:6139: result: objdump
configure:6168: checking how to recognize dependent libraries
configure:6368: result: pass_all
configure:6453: checking for dlltool
configure:6483: result: no
configure:6510: checking how to associate runtime and link libraries
configure:6537: result: printf %s\n
configure:6598: checking for ar
configure:6614: found /usr/bin/ar
configure:6625: result: ar
configure:6662: checking for archiver @FILE support
configure:6679: gcc -c -g -O2  conftest.c >&5
configure:6679: $? = 0
configure:6682: ar cru libconftest.a @conftest.lst >&5
ar: @conftest.lst: No such file or directory
configure:6685: $? = 1
configure:6705: result: no
configure:6763: checking for strip
configure:6779: found /usr/bin/strip
configure:6790: result: strip
configure:6862: checking for ranlib
configure:6878: found /usr/bin/ranlib
configure:6889: result: ranlib
configure:6991: checking command to parse /usr/bin/nm -B output from gcc object
configure:7144: gcc -c -g -O2  conftest.c >&5
configure:7147: $? = 0
configure:7151: /usr/bin/nm -B conftest.o \| sed -n -e 's/^.*[ ]\([BCDEGRST][BCDEGRST]*\)[ ][ ]*\([_A-Za-z][_A-Za-z0-9]*\)$/\1 \2 \2/p' | sed '/ __gnu_lto/d' \> conftest.nm
configure:7154: $? = 0
cannot find nm_test_var in conftest.nm
configure:7144: gcc -c -g -O2  conftest.c >&5
configure:7147: $? = 0
configure:7151: /usr/bin/nm -B conftest.o \| sed -n -e 's/^.*[ ]\([BCDEGRST][BCDEGRST]*\)[ ][ ]*_\([_A-Za-z][_A-Za-z0-9]*\)$/\1 _\2 \2/p' | sed '/ __gnu_lto/d' \> conftest.nm
configure:7154: $? = 0
configure:7220: gcc -o conftest -g -O2   conftest.c conftstm.o >&5
warning: (x86_64)  could not find object file symbol for symbol _main
configure:7223: $? = 0
configure:7261: result: ok
configure:7308: checking for sysroot
configure:7338: result: no
configure:7345: checking for a working dd
configure:7383: result: /bin/dd
configure:7387: checking how to truncate binary pipes
configure:7402: result: /bin/dd bs=4096 count=1
configure:7731: checking for mt
configure:7761: result: no
configure:7781: checking if : is a manifest tool
configure:7787: : '-?'
configure:7795: result: no
configure:7851: checking for dsymutil
configure:7867: found /usr/bin/dsymutil
configure:7878: result: dsymutil
configure:7943: checking for nmedit
configure:7959: found /usr/bin/nmedit
configure:7970: result: nmedit
configure:8035: checking for lipo
configure:8051: found /usr/bin/lipo
configure:8062: result: lipo
configure:8127: checking for otool
configure:8143: found /usr/bin/otool
configure:8154: result: otool
configure:8219: checking for otool64
configure:8249: result: no
configure:8294: checking for -single_module linker flag
gcc -g -O2  -o libconftest.dylib -dynamiclib -Wl,-single_module conftest.c
configure:8327: result: yes
configure:8330: checking for -exported_symbols_list linker flag
configure:8350: gcc -o conftest -g -O2   -Wl,-exported_symbols_list,conftest.sym conftest.c  >&5
configure:8350: $? = 0
configure:8360: result: yes
configure:8363: checking for -force_load linker flag
gcc -g -O2 -c -o conftest.o conftest.c
ar cru libconftest.a conftest.o
ranlib libconftest.a
gcc -g -O2  -o conftest conftest.c -Wl,-force_load,./libconftest.a
configure:8395: result: yes
configure:8468: checking for ANSI C header files
configure:8488: gcc -c -g -O2  conftest.c >&5
configure:8488: $? = 0
configure:8561: gcc -o conftest -g -O2   conftest.c  >&5
configure:8561: $? = 0
configure:8561: ./conftest
configure:8561: $? = 0
configure:8572: result: yes
configure:8585: checking for sys/types.h
configure:8585: gcc -c -g -O2  conftest.c >&5
configure:8585: $? = 0
configure:8585: result: yes
configure:8585: checking for sys/stat.h
configure:8585: gcc -c -g -O2  conftest.c >&5
configure:8585: $? = 0
configure:8585: result: yes
configure:8585: checking for stdlib.h
configure:8585: gcc -c -g -O2  conftest.c >&5
configure:8585: $? = 0
configure:8585: result: yes
configure:8585: checking for string.h
configure:8585: gcc -c -g -O2  conftest.c >&5
configure:8585: $? = 0
configure:8585: result: yes
configure:8585: checking for memory.h
configure:8585: gcc -c -g -O2  conftest.c >&5
configure:8585: $? = 0
configure:8585: result: yes
configure:8585: checking for strings.h
configure:8585: gcc -c -g -O2  conftest.c >&5
configure:8585: $? = 0
configure:8585: result: yes
configure:8585: checking for inttypes.h
configure:8585: gcc -c -g -O2  conftest.c >&5
configure:8585: $? = 0
configure:8585: result: yes
configure:8585: checking for stdint.h
configure:8585: gcc -c -g -O2  conftest.c >&5
configure:8585: $? = 0
configure:8585: result: yes
configure:8585: checking for unistd.h
configure:8585: gcc -c -g -O2  conftest.c >&5
configure:8585: $? = 0
configure:8585: result: yes
configure:8599: checking for dlfcn.h
configure:8599: gcc -c -g -O2  conftest.c >&5
configure:8599: $? = 0
configure:8599: result: yes
configure:9160: checking for objdir
configure:9175: result: .libs
configure:9439: checking if gcc supports -fno-rtti -fno-exceptions
configure:9457: gcc -c -g -O2  -fno-rtti -fno-exceptions conftest.c >&5
configure:9461: $? = 0
configure:9474: result: yes
configure:9832: checking for gcc option to produce PIC
configure:9839: result: -fno-common -DPIC
configure:9847: checking if gcc PIC flag -fno-common -DPIC works
configure:9865: gcc -c -g -O2  -fno-common -DPIC -DPIC conftest.c >&5
configure:9869: $? = 0
configure:9882: result: yes
configure:9911: checking if gcc static flag -static works
configure:9939: result: no
configure:9954: checking if gcc supports -c -o file.o
configure:9975: gcc -c -g -O2  -o out/conftest2.o conftest.c >&5
configure:9979: $? = 0
configure:10001: result: yes
configure:10009: checking if gcc supports -c -o file.o
configure:10056: result: yes
configure:10089: checking whether the gcc linker (/Applications/Xcode.app/Contents/Developer/Toolchains/XcodeDefault.xctoolchain/usr/bin/ld) supports shared libraries
configure:11348: result: yes
configure:11588: checking dynamic linker characteristics
configure:12406: result: darwin17.7.0 dyld
configure:12528: checking how to hardcode library paths into programs
configure:12553: result: immediate
configure:13101: checking whether stripping libraries is possible
configure:13115: result: yes
configure:13141: checking if libtool supports shared libraries
configure:13143: result: yes
configure:13146: checking whether to build shared libraries
configure:13171: result: no
configure:13174: checking whether to build static libraries
configure:13178: result: yes
configure:13201: checking how to run the C++ preprocessor
configure:13228: g++ -E  conftest.cpp
configure:13228: $? = 0
configure:13242: g++ -E  conftest.cpp
conftest.cpp:23:10: fatal error: 'ac_nonexistent.h' file not found
#include <ac_nonexistent.h>
         ^~~~~~~~~~~~~~~~~~
1 error generated.
configure:13242: $? = 1
configure: failed program was:
| /* confdefs.h */
| #define PACKAGE_NAME "ODE"
| #define PACKAGE_TARNAME "ode"
| #define PACKAGE_VERSION "0.12"
| #define PACKAGE_STRING "ODE 0.12"
| #define PACKAGE_BUGREPORT "ode@ode.org"
| #define PACKAGE_URL ""
| #define PACKAGE "ode"
| #define VERSION "0.12"
| #define STDC_HEADERS 1
| #define HAVE_SYS_TYPES_H 1
| #define HAVE_SYS_STAT_H 1
| #define HAVE_STDLIB_H 1
| #define HAVE_STRING_H 1
| #define HAVE_MEMORY_H 1
| #define HAVE_STRINGS_H 1
| #define HAVE_INTTYPES_H 1
| #define HAVE_STDINT_H 1
| #define HAVE_UNISTD_H 1
| #define HAVE_DLFCN_H 1
| #define LT_OBJDIR ".libs/"
| /* end confdefs.h.  */
| #include <ac_nonexistent.h>
configure:13267: result: g++ -E
configure:13287: g++ -E  conftest.cpp
configure:13287: $? = 0
configure:13301: g++ -E  conftest.cpp
conftest.cpp:23:10: fatal error: 'ac_nonexistent.h' file not found
#include <ac_nonexistent.h>
         ^~~~~~~~~~~~~~~~~~
1 error generated.
configure:13301: $? = 1
configure: failed program was:
| /* confdefs.h */
| #define PACKAGE_NAME "ODE"
| #define PACKAGE_TARNAME "ode"
| #define PACKAGE_VERSION "0.12"
| #define PACKAGE_STRING "ODE 0.12"
| #define PACKAGE_BUGREPORT "ode@ode.org"
| #define PACKAGE_URL ""
| #define PACKAGE "ode"
| #define VERSION "0.12"
| #define STDC_HEADERS 1
| #define HAVE_SYS_TYPES_H 1
| #define HAVE_SYS_STAT_H 1
| #define HAVE_STDLIB_H 1
| #define HAVE_STRING_H 1
| #define HAVE_MEMORY_H 1
| #define HAVE_STRINGS_H 1
| #define HAVE_INTTYPES_H 1
| #define HAVE_STDINT_H 1
| #define HAVE_UNISTD_H 1
| #define HAVE_DLFCN_H 1
| #define LT_OBJDIR ".libs/"
| /* end confdefs.h.  */
| #include <ac_nonexistent.h>
configure:13463: checking for ld used by g++
configure:13530: result: /Applications/Xcode.app/Contents/Developer/Toolchains/XcodeDefault.xctoolchain/usr/bin/ld
configure:13537: checking if the linker (/Applications/Xcode.app/Contents/Developer/Toolchains/XcodeDefault.xctoolchain/usr/bin/ld) is GNU ld
configure:13552: result: no
configure:13607: checking whether the g++ linker (/Applications/Xcode.app/Contents/Developer/Toolchains/XcodeDefault.xctoolchain/usr/bin/ld) supports shared libraries
configure:14680: result: yes
configure:14716: g++ -c -g -O2  conftest.cpp >&5
configure:14719: $? = 0
configure:15200: checking for g++ option to produce PIC
configure:15207: result: -fno-common -DPIC
configure:15215: checking if g++ PIC flag -fno-common -DPIC works
configure:15233: g++ -c -g -O2  -fno-common -DPIC -DPIC conftest.cpp >&5
configure:15237: $? = 0
configure:15250: result: yes
configure:15273: checking if g++ static flag -static works
configure:15301: result: no
configure:15313: checking if g++ supports -c -o file.o
configure:15334: g++ -c -g -O2  -o out/conftest2.o conftest.cpp >&5
configure:15338: $? = 0
configure:15360: result: yes
configure:15365: checking if g++ supports -c -o file.o
configure:15412: result: yes
configure:15442: checking whether the g++ linker (/Applications/Xcode.app/Contents/Developer/Toolchains/XcodeDefault.xctoolchain/usr/bin/ld) supports shared libraries
configure:15482: result: yes
configure:15623: checking dynamic linker characteristics
configure:16368: result: darwin17.7.0 dyld
configure:16433: checking how to hardcode library paths into programs
configure:16458: result: immediate
configure:16568: checking for windres
configure:16598: result: no
configure:16620: checking whether byte ordering is bigendian
configure:16635: gcc -c -g -O2  conftest.c >&5
configure:16635: $? = 0
configure:16680: gcc -c -g -O2  conftest.c >&5
configure:16680: $? = 0
configure:16698: gcc -c -g -O2  conftest.c >&5
conftest.c:30:4: error: use of undeclared identifier 'not'
                 not big endian
                 ^
1 error generated.
configure:16698: $? = 1
configure: failed program was:
| /* confdefs.h */
| #define PACKAGE_NAME "ODE"
| #define PACKAGE_TARNAME "ode"
| #define PACKAGE_VERSION "0.12"
| #define PACKAGE_STRING "ODE 0.12"
| #define PACKAGE_BUGREPORT "ode@ode.org"
| #define PACKAGE_URL ""
| #define PACKAGE "ode"
| #define VERSION "0.12"
| #define STDC_HEADERS 1
| #define HAVE_SYS_TYPES_H 1
| #define HAVE_SYS_STAT_H 1
| #define HAVE_STDLIB_H 1
| #define HAVE_STRING_H 1
| #define HAVE_MEMORY_H 1
| #define HAVE_STRINGS_H 1
| #define HAVE_INTTYPES_H 1
| #define HAVE_STDINT_H 1
| #define HAVE_UNISTD_H 1
| #define HAVE_DLFCN_H 1
| #define LT_OBJDIR ".libs/"
| /* end confdefs.h.  */
| #include <sys/types.h>
| 		#include <sys/param.h>
| 
| int
| main ()
| {
| #if BYTE_ORDER != BIG_ENDIAN
| 		 not big endian
| 		#endif
| 
|   ;
|   return 0;
| }
configure:16826: result: no
configure:16844: checking for inline
configure:16860: gcc -c -g -O2  conftest.c >&5
configure:16860: $? = 0
configure:16868: result: inline
configure:16886: checking for working volatile
configure:16905: gcc -c -g -O2  conftest.c >&5
configure:16905: $? = 0
configure:16912: result: yes
configure:16974: checking for pkg-config
configure:16992: found /usr/local/bin/pkg-config
configure:17004: result: /usr/local/bin/pkg-config
configure:17029: checking pkg-config is at least version 0.9.0
configure:17032: result: yes
configure:17079: checking alloca.h usability
configure:17079: gcc -c -g -O2  conftest.c >&5
configure:17079: $? = 0
configure:17079: result: yes
configure:17079: checking alloca.h presence
configure:17079: gcc -E  conftest.c
configure:17079: $? = 0
configure:17079: result: yes
configure:17079: checking for alloca.h
configure:17079: result: yes
configure:17079: checking stdio.h usability
configure:17079: gcc -c -g -O2  conftest.c >&5
configure:17079: $? = 0
configure:17079: result: yes
configure:17079: checking stdio.h presence
configure:17079: gcc -E  conftest.c
configure:17079: $? = 0
configure:17079: result: yes
configure:17079: checking for stdio.h
configure:17079: result: yes
configure:17079: checking for inttypes.h
configure:17079: result: yes
configure:17079: checking for stdint.h
configure:17079: result: yes
configure:17079: checking for stdlib.h
configure:17079: result: yes
configure:17079: checking math.h usability
configure:17079: gcc -c -g -O2  conftest.c >&5
configure:17079: $? = 0
configure:17079: result: yes
configure:17079: checking math.h presence
configure:17079: gcc -E  conftest.c
configure:17079: $? = 0
configure:17079: result: yes
configure:17079: checking for math.h
configure:17079: result: yes
configure:17079: checking for string.h
configure:17079: result: yes
configure:17079: checking stdarg.h usability
configure:17079: gcc -c -g -O2  conftest.c >&5
configure:17079: $? = 0
configure:17079: result: yes
configure:17079: checking stdarg.h presence
configure:17079: gcc -E  conftest.c
configure:17079: $? = 0
configure:17079: result: yes
configure:17079: checking for stdarg.h
configure:17079: result: yes
configure:17079: checking malloc.h usability
configure:17079: gcc -c -g -O2  conftest.c >&5
conftest.c:65:10: fatal error: 'malloc.h' file not found
#include <malloc.h>
         ^~~~~~~~~~
1 error generated.
configure:17079: $? = 1
configure: failed program was:
| /* confdefs.h */
| #define PACKAGE_NAME "ODE"
| #define PACKAGE_TARNAME "ode"
| #define PACKAGE_VERSION "0.12"
| #define PACKAGE_STRING "ODE 0.12"
| #define PACKAGE_BUGREPORT "ode@ode.org"
| #define PACKAGE_URL ""
| #define PACKAGE "ode"
| #define VERSION "0.12"
| #define STDC_HEADERS 1
| #define HAVE_SYS_TYPES_H 1
| #define HAVE_SYS_STAT_H 1
| #define HAVE_STDLIB_H 1
| #define HAVE_STRING_H 1
| #define HAVE_MEMORY_H 1
| #define HAVE_STRINGS_H 1
| #define HAVE_INTTYPES_H 1
| #define HAVE_STDINT_H 1
| #define HAVE_UNISTD_H 1
| #define HAVE_DLFCN_H 1
| #define LT_OBJDIR ".libs/"
| #define X86_64_SYSTEM 1
| #define HAVE_ALLOCA_H 1
| #define HAVE_STDIO_H 1
| #define HAVE_INTTYPES_H 1
| #define HAVE_STDINT_H 1
| #define HAVE_STDLIB_H 1
| #define HAVE_MATH_H 1
| #define HAVE_STRING_H 1
| #define HAVE_STDARG_H 1
| /* end confdefs.h.  */
| #include <stdio.h>
| #ifdef HAVE_SYS_TYPES_H
| # include <sys/types.h>
| #endif
| #ifdef HAVE_SYS_STAT_H
| # include <sys/stat.h>
| #endif
| #ifdef STDC_HEADERS
| # include <stdlib.h>
| # include <stddef.h>
| #else
| # ifdef HAVE_STDLIB_H
| #  include <stdlib.h>
| # endif
| #endif
| #ifdef HAVE_STRING_H
| # if !defined STDC_HEADERS && defined HAVE_MEMORY_H
| #  include <memory.h>
| # endif
| # include <string.h>
| #endif
| #ifdef HAVE_STRINGS_H
| # include <strings.h>
| #endif
| #ifdef HAVE_INTTYPES_H
| # include <inttypes.h>
| #endif
| #ifdef HAVE_STDINT_H
| # include <stdint.h>
| #endif
| #ifdef HAVE_UNISTD_H
| # include <unistd.h>
| #endif
| #include <malloc.h>
configure:17079: result: no
configure:17079: checking malloc.h presence
configure:17079: gcc -E  conftest.c
conftest.c:32:10: fatal error: 'malloc.h' file not found
#include <malloc.h>
         ^~~~~~~~~~
1 error generated.
configure:17079: $? = 1
configure: failed program was:
| /* confdefs.h */
| #define PACKAGE_NAME "ODE"
| #define PACKAGE_TARNAME "ode"
| #define PACKAGE_VERSION "0.12"
| #define PACKAGE_STRING "ODE 0.12"
| #define PACKAGE_BUGREPORT "ode@ode.org"
| #define PACKAGE_URL ""
| #define PACKAGE "ode"
| #define VERSION "0.12"
| #define STDC_HEADERS 1
| #define HAVE_SYS_TYPES_H 1
| #define HAVE_SYS_STAT_H 1
| #define HAVE_STDLIB_H 1
| #define HAVE_STRING_H 1
| #define HAVE_MEMORY_H 1
| #define HAVE_STRINGS_H 1
| #define HAVE_INTTYPES_H 1
| #define HAVE_STDINT_H 1
| #define HAVE_UNISTD_H 1
| #define HAVE_DLFCN_H 1
| #define LT_OBJDIR ".libs/"
| #define X86_64_SYSTEM 1
| #define HAVE_ALLOCA_H 1
| #define HAVE_STDIO_H 1
| #define HAVE_INTTYPES_H 1
| #define HAVE_STDINT_H 1
| #define HAVE_STDLIB_H 1
| #define HAVE_MATH_H 1
| #define HAVE_STRING_H 1
| #define HAVE_STDARG_H 1
| /* end confdefs.h.  */
| #include <malloc.h>
configure:17079: result: no
configure:17079: checking for malloc.h
configure:17079: result: no
configure:17079: checking float.h usability
configure:17079: gcc -c -g -O2  conftest.c >&5
configure:17079: $? = 0
configure:17079: result: yes
configure:17079: checking float.h presence
configure:17079: gcc -E  conftest.c
configure:17079: $? = 0
configure:17079: result: yes
configure:17079: checking for float.h
configure:17079: result: yes
configure:17079: checking time.h usability
configure:17079: gcc -c -g -O2  conftest.c >&5
configure:17079: $? = 0
configure:17079: result: yes
configure:17079: checking time.h presence
configure:17079: gcc -E  conftest.c
configure:17079: $? = 0
configure:17079: result: yes
configure:17079: checking for time.h
configure:17079: result: yes
configure:17079: checking sys/time.h usability
configure:17079: gcc -c -g -O2  conftest.c >&5
configure:17079: $? = 0
configure:17079: result: yes
configure:17079: checking sys/time.h presence
configure:17079: gcc -E  conftest.c
configure:17079: $? = 0
configure:17079: result: yes
configure:17079: checking for sys/time.h
configure:17079: result: yes
configure:17079: checking limits.h usability
configure:17079: gcc -c -g -O2  conftest.c >&5
configure:17079: $? = 0
configure:17079: result: yes
configure:17079: checking limits.h presence
configure:17079: gcc -E  conftest.c
configure:17079: $? = 0
configure:17079: result: yes
configure:17079: checking for limits.h
configure:17079: result: yes
configure:17079: checking stddef.h usability
configure:17079: gcc -c -g -O2  conftest.c >&5
configure:17079: $? = 0
configure:17079: result: yes
configure:17079: checking stddef.h presence
configure:17079: gcc -E  conftest.c
configure:17079: $? = 0
configure:17079: result: yes
configure:17079: checking for stddef.h
configure:17079: result: yes
configure:17137: checking if double precision is requested
configure:17146: result: no
configure:17225: checking which drawstuff lib to build
configure:17227: result: OSX
configure:17518: checking if demos should be built
configure:17534: result: yes
configure:17539: checking for main in -lstdc++
configure:17558: g++ -o conftest -g -O2  -DdSINGLE  conftest.c -lstdc++   >&5
clang: warning: treating 'c' input as 'c++' when in C++ mode, this behavior is deprecated [-Wdeprecated]
configure:17558: $? = 0
configure:17567: result: yes
configure:17576: checking for main in -lpthread
configure:17595: g++ -o conftest -g -O2  -DdSINGLE  conftest.c -lpthread   >&5
clang: warning: treating 'c' input as 'c++' when in C++ mode, this behavior is deprecated [-Wdeprecated]
configure:17595: $? = 0
configure:17604: result: yes
configure:17638: checking for gprof
configure:17688: result: no
configure:17693: checking for stdbool.h that conforms to C99
configure:17760: g++ -c -g -O2  -DdSINGLE conftest.c >&5
clang: warning: treating 'c' input as 'c++' when in C++ mode, this behavior is deprecated [-Wdeprecated]
conftest.c:41:15: error: expected unqualified-id
              "error: bool is not defined"
              ^
conftest.c:59:48: error: C++ requires a type specifier for all declarations
             struct s { _Bool s: 1; _Bool t; } s;
                                               ^
2 errors generated.
configure:17760: $? = 1
configure: failed program was:
| /* confdefs.h */
| #define PACKAGE_NAME "ODE"
| #define PACKAGE_TARNAME "ode"
| #define PACKAGE_VERSION "0.12"
| #define PACKAGE_STRING "ODE 0.12"
| #define PACKAGE_BUGREPORT "ode@ode.org"
| #define PACKAGE_URL ""
| #define PACKAGE "ode"
| #define VERSION "0.12"
| #define STDC_HEADERS 1
| #define HAVE_SYS_TYPES_H 1
| #define HAVE_SYS_STAT_H 1
| #define HAVE_STDLIB_H 1
| #define HAVE_STRING_H 1
| #define HAVE_MEMORY_H 1
| #define HAVE_STRINGS_H 1
| #define HAVE_INTTYPES_H 1
| #define HAVE_STDINT_H 1
| #define HAVE_UNISTD_H 1
| #define HAVE_DLFCN_H 1
| #define LT_OBJDIR ".libs/"
| #define X86_64_SYSTEM 1
| #define HAVE_ALLOCA_H 1
| #define HAVE_STDIO_H 1
| #define HAVE_INTTYPES_H 1
| #define HAVE_STDINT_H 1
| #define HAVE_STDLIB_H 1
| #define HAVE_MATH_H 1
| #define HAVE_STRING_H 1
| #define HAVE_STDARG_H 1
| #define HAVE_FLOAT_H 1
| #define HAVE_TIME_H 1
| #define HAVE_SYS_TIME_H 1
| #define HAVE_LIMITS_H 1
| #define HAVE_STDDEF_H 1
| #define HAVE_APPLE_OPENGL_FRAMEWORK 1
| /* end confdefs.h.  */
| 
|              #include <stdbool.h>
|              #ifndef bool
|               "error: bool is not defined"
|              #endif
|              #ifndef false
|               "error: false is not defined"
|              #endif
|              #if false
|               "error: false is not 0"
|              #endif
|              #ifndef true
|               "error: true is not defined"
|              #endif
|              #if true != 1
|               "error: true is not 1"
|              #endif
|              #ifndef __bool_true_false_are_defined
|               "error: __bool_true_false_are_defined is not defined"
|              #endif
| 
|              struct s { _Bool s: 1; _Bool t; } s;
| 
|              char a[true == 1 ? 1 : -1];
|              char b[false == 0 ? 1 : -1];
|              char c[__bool_true_false_are_defined == 1 ? 1 : -1];
|              char d[(bool) 0.5 == true ? 1 : -1];
|              /* See body of main program for 'e'.  */
|              char f[(_Bool) 0.0 == false ? 1 : -1];
|              char g[true];
|              char h[sizeof (_Bool)];
|              char i[sizeof s.t];
|              enum { j = false, k = true, l = false * true, m = true * 256 };
|              /* The following fails for
|                 HP aC++/ANSI C B3910B A.05.55 [Dec 04 2003]. */
|              _Bool n[m];
|              char o[sizeof n == m * sizeof n[0] ? 1 : -1];
|              char p[-1 - (_Bool) 0 < 0 && -1 - (bool) 0 < 0 ? 1 : -1];
|              /* Catch a bug in an HP-UX C compiler.  See
|                 http://gcc.gnu.org/ml/gcc-patches/2003-12/msg02303.html
|                 http://lists.gnu.org/archive/html/bug-coreutils/2005-11/msg00161.html
|               */
|              _Bool q = true;
|              _Bool *pq = &q;
| 
| int
| main ()
| {
| 
|              bool e = &s;
|              *pq |= q;
|              *pq |= ! q;
|              /* Refer to every declared value, to avoid compiler optimizations.  */
|              return (!a + !b + !c + !d + !e + !f + !g + !h + !i + !!j + !k + !!l
|                      + !m + !n + !o + !p + !q + !pq);
| 
|   ;
|   return 0;
| }
configure:17767: result: no
configure:17769: checking for _Bool
configure:17769: g++ -c -g -O2  -DdSINGLE conftest.c >&5
clang: warning: treating 'c' input as 'c++' when in C++ mode, this behavior is deprecated [-Wdeprecated]
conftest.c:74:13: error: use of undeclared identifier '_Bool'
if (sizeof (_Bool))
            ^
1 error generated.
configure:17769: $? = 1
configure: failed program was:
| /* confdefs.h */
| #define PACKAGE_NAME "ODE"
| #define PACKAGE_TARNAME "ode"
| #define PACKAGE_VERSION "0.12"
| #define PACKAGE_STRING "ODE 0.12"
| #define PACKAGE_BUGREPORT "ode@ode.org"
| #define PACKAGE_URL ""
| #define PACKAGE "ode"
| #define VERSION "0.12"
| #define STDC_HEADERS 1
| #define HAVE_SYS_TYPES_H 1
| #define HAVE_SYS_STAT_H 1
| #define HAVE_STDLIB_H 1
| #define HAVE_STRING_H 1
| #define HAVE_MEMORY_H 1
| #define HAVE_STRINGS_H 1
| #define HAVE_INTTYPES_H 1
| #define HAVE_STDINT_H 1
| #define HAVE_UNISTD_H 1
| #define HAVE_DLFCN_H 1
| #define LT_OBJDIR ".libs/"
| #define X86_64_SYSTEM 1
| #define HAVE_ALLOCA_H 1
| #define HAVE_STDIO_H 1
| #define HAVE_INTTYPES_H 1
| #define HAVE_STDINT_H 1
| #define HAVE_STDLIB_H 1
| #define HAVE_MATH_H 1
| #define HAVE_STRING_H 1
| #define HAVE_STDARG_H 1
| #define HAVE_FLOAT_H 1
| #define HAVE_TIME_H 1
| #define HAVE_SYS_TIME_H 1
| #define HAVE_LIMITS_H 1
| #define HAVE_STDDEF_H 1
| #define HAVE_APPLE_OPENGL_FRAMEWORK 1
| /* end confdefs.h.  */
| #include <stdio.h>
| #ifdef HAVE_SYS_TYPES_H
| # include <sys/types.h>
| #endif
| #ifdef HAVE_SYS_STAT_H
| # include <sys/stat.h>
| #endif
| #ifdef STDC_HEADERS
| # include <stdlib.h>
| # include <stddef.h>
| #else
| # ifdef HAVE_STDLIB_H
| #  include <stdlib.h>
| # endif
| #endif
| #ifdef HAVE_STRING_H
| # if !defined STDC_HEADERS && defined HAVE_MEMORY_H
| #  include <memory.h>
| # endif
| # include <string.h>
| #endif
| #ifdef HAVE_STRINGS_H
| # include <strings.h>
| #endif
| #ifdef HAVE_INTTYPES_H
| # include <inttypes.h>
| #endif
| #ifdef HAVE_STDINT_H
| # include <stdint.h>
| #endif
| #ifdef HAVE_UNISTD_H
| # include <unistd.h>
| #endif
| int
| main ()
| {
| if (sizeof (_Bool))
| 	 return 0;
|   ;
|   return 0;
| }
configure:17769: result: no
configure:17786: checking for inline
configure:17810: result: inline
configure:17828: checking for int32_t
configure:17828: g++ -c -g -O2  -DdSINGLE conftest.c >&5
clang: warning: treating 'c' input as 'c++' when in C++ mode, this behavior is deprecated [-Wdeprecated]
configure:17828: $? = 0
configure:17828: g++ -c -g -O2  -DdSINGLE conftest.c >&5
clang: warning: treating 'c' input as 'c++' when in C++ mode, this behavior is deprecated [-Wdeprecated]
conftest.c:75:24: error: 'test_array' declared as an array with a negative size
static int test_array [1 - 2 * !((int32_t) (((((int32_t) 1 << N) << N) - 1) * 2 + 1)
                       ^~~~~~~~~~~~~~~~~~~~~~~~~~~~~~~~~~~~~~~~~~~~~~~~~~~~~~~~~~~~~
1 error generated.
configure:17828: $? = 1
configure: failed program was:
| /* confdefs.h */
| #define PACKAGE_NAME "ODE"
| #define PACKAGE_TARNAME "ode"
| #define PACKAGE_VERSION "0.12"
| #define PACKAGE_STRING "ODE 0.12"
| #define PACKAGE_BUGREPORT "ode@ode.org"
| #define PACKAGE_URL ""
| #define PACKAGE "ode"
| #define VERSION "0.12"
| #define STDC_HEADERS 1
| #define HAVE_SYS_TYPES_H 1
| #define HAVE_SYS_STAT_H 1
| #define HAVE_STDLIB_H 1
| #define HAVE_STRING_H 1
| #define HAVE_MEMORY_H 1
| #define HAVE_STRINGS_H 1
| #define HAVE_INTTYPES_H 1
| #define HAVE_STDINT_H 1
| #define HAVE_UNISTD_H 1
| #define HAVE_DLFCN_H 1
| #define LT_OBJDIR ".libs/"
| #define X86_64_SYSTEM 1
| #define HAVE_ALLOCA_H 1
| #define HAVE_STDIO_H 1
| #define HAVE_INTTYPES_H 1
| #define HAVE_STDINT_H 1
| #define HAVE_STDLIB_H 1
| #define HAVE_MATH_H 1
| #define HAVE_STRING_H 1
| #define HAVE_STDARG_H 1
| #define HAVE_FLOAT_H 1
| #define HAVE_TIME_H 1
| #define HAVE_SYS_TIME_H 1
| #define HAVE_LIMITS_H 1
| #define HAVE_STDDEF_H 1
| #define HAVE_APPLE_OPENGL_FRAMEWORK 1
| /* end confdefs.h.  */
| #include <stdio.h>
| #ifdef HAVE_SYS_TYPES_H
| # include <sys/types.h>
| #endif
| #ifdef HAVE_SYS_STAT_H
| # include <sys/stat.h>
| #endif
| #ifdef STDC_HEADERS
| # include <stdlib.h>
| # include <stddef.h>
| #else
| # ifdef HAVE_STDLIB_H
| #  include <stdlib.h>
| # endif
| #endif
| #ifdef HAVE_STRING_H
| # if !defined STDC_HEADERS && defined HAVE_MEMORY_H
| #  include <memory.h>
| # endif
| # include <string.h>
| #endif
| #ifdef HAVE_STRINGS_H
| # include <strings.h>
| #endif
| #ifdef HAVE_INTTYPES_H
| # include <inttypes.h>
| #endif
| #ifdef HAVE_STDINT_H
| # include <stdint.h>
| #endif
| #ifdef HAVE_UNISTD_H
| # include <unistd.h>
| #endif
| 	        enum { N = 32 / 2 - 1 };
| int
| main ()
| {
| static int test_array [1 - 2 * !((int32_t) (((((int32_t) 1 << N) << N) - 1) * 2 + 1)
| 		 < (int32_t) (((((int32_t) 1 << N) << N) - 1) * 2 + 2))];
| test_array [0] = 0;
| return test_array [0];
| 
|   ;
|   return 0;
| }
configure:17828: result: yes
configure:17839: checking for obstacks
configure:17860: g++ -o conftest -g -O2  -DdSINGLE  conftest.c  -lpthread >&5
clang: warning: treating 'c' input as 'c++' when in C++ mode, this behavior is deprecated [-Wdeprecated]
conftest.c:71:18: fatal error: 'obstack.h' file not found
                      #include "obstack.h"
                               ^~~~~~~~~~~
1 error generated.
configure:17860: $? = 1
configure: failed program was:
| /* confdefs.h */
| #define PACKAGE_NAME "ODE"
| #define PACKAGE_TARNAME "ode"
| #define PACKAGE_VERSION "0.12"
| #define PACKAGE_STRING "ODE 0.12"
| #define PACKAGE_BUGREPORT "ode@ode.org"
| #define PACKAGE_URL ""
| #define PACKAGE "ode"
| #define VERSION "0.12"
| #define STDC_HEADERS 1
| #define HAVE_SYS_TYPES_H 1
| #define HAVE_SYS_STAT_H 1
| #define HAVE_STDLIB_H 1
| #define HAVE_STRING_H 1
| #define HAVE_MEMORY_H 1
| #define HAVE_STRINGS_H 1
| #define HAVE_INTTYPES_H 1
| #define HAVE_STDINT_H 1
| #define HAVE_UNISTD_H 1
| #define HAVE_DLFCN_H 1
| #define LT_OBJDIR ".libs/"
| #define X86_64_SYSTEM 1
| #define HAVE_ALLOCA_H 1
| #define HAVE_STDIO_H 1
| #define HAVE_INTTYPES_H 1
| #define HAVE_STDINT_H 1
| #define HAVE_STDLIB_H 1
| #define HAVE_MATH_H 1
| #define HAVE_STRING_H 1
| #define HAVE_STDARG_H 1
| #define HAVE_FLOAT_H 1
| #define HAVE_TIME_H 1
| #define HAVE_SYS_TIME_H 1
| #define HAVE_LIMITS_H 1
| #define HAVE_STDDEF_H 1
| #define HAVE_APPLE_OPENGL_FRAMEWORK 1
| /* end confdefs.h.  */
| #include <stdio.h>
| #ifdef HAVE_SYS_TYPES_H
| # include <sys/types.h>
| #endif
| #ifdef HAVE_SYS_STAT_H
| # include <sys/stat.h>
| #endif
| #ifdef STDC_HEADERS
| # include <stdlib.h>
| # include <stddef.h>
| #else
| # ifdef HAVE_STDLIB_H
| #  include <stdlib.h>
| # endif
| #endif
| #ifdef HAVE_STRING_H
| # if !defined STDC_HEADERS && defined HAVE_MEMORY_H
| #  include <memory.h>
| # endif
| # include <string.h>
| #endif
| #ifdef HAVE_STRINGS_H
| # include <strings.h>
| #endif
| #ifdef HAVE_INTTYPES_H
| # include <inttypes.h>
| #endif
| #ifdef HAVE_STDINT_H
| # include <stdint.h>
| #endif
| #ifdef HAVE_UNISTD_H
| # include <unistd.h>
| #endif
| 		      #include "obstack.h"
| int
| main ()
| {
| struct obstack mem;
| 		       #define obstack_chunk_alloc malloc
| 		       #define obstack_chunk_free free
| 		       obstack_init (&mem);
| 		       obstack_free (&mem, 0);
|   ;
|   return 0;
| }
configure:17868: result: no
configure:17883: checking for size_t
configure:17883: g++ -c -g -O2  -DdSINGLE conftest.c >&5
clang: warning: treating 'c' input as 'c++' when in C++ mode, this behavior is deprecated [-Wdeprecated]
configure:17883: $? = 0
configure:17883: g++ -c -g -O2  -DdSINGLE conftest.c >&5
clang: warning: treating 'c' input as 'c++' when in C++ mode, this behavior is deprecated [-Wdeprecated]
conftest.c:74:21: error: expected expression
if (sizeof ((size_t)))
                    ^
1 error generated.
configure:17883: $? = 1
configure: failed program was:
| /* confdefs.h */
| #define PACKAGE_NAME "ODE"
| #define PACKAGE_TARNAME "ode"
| #define PACKAGE_VERSION "0.12"
| #define PACKAGE_STRING "ODE 0.12"
| #define PACKAGE_BUGREPORT "ode@ode.org"
| #define PACKAGE_URL ""
| #define PACKAGE "ode"
| #define VERSION "0.12"
| #define STDC_HEADERS 1
| #define HAVE_SYS_TYPES_H 1
| #define HAVE_SYS_STAT_H 1
| #define HAVE_STDLIB_H 1
| #define HAVE_STRING_H 1
| #define HAVE_MEMORY_H 1
| #define HAVE_STRINGS_H 1
| #define HAVE_INTTYPES_H 1
| #define HAVE_STDINT_H 1
| #define HAVE_UNISTD_H 1
| #define HAVE_DLFCN_H 1
| #define LT_OBJDIR ".libs/"
| #define X86_64_SYSTEM 1
| #define HAVE_ALLOCA_H 1
| #define HAVE_STDIO_H 1
| #define HAVE_INTTYPES_H 1
| #define HAVE_STDINT_H 1
| #define HAVE_STDLIB_H 1
| #define HAVE_MATH_H 1
| #define HAVE_STRING_H 1
| #define HAVE_STDARG_H 1
| #define HAVE_FLOAT_H 1
| #define HAVE_TIME_H 1
| #define HAVE_SYS_TIME_H 1
| #define HAVE_LIMITS_H 1
| #define HAVE_STDDEF_H 1
| #define HAVE_APPLE_OPENGL_FRAMEWORK 1
| /* end confdefs.h.  */
| #include <stdio.h>
| #ifdef HAVE_SYS_TYPES_H
| # include <sys/types.h>
| #endif
| #ifdef HAVE_SYS_STAT_H
| # include <sys/stat.h>
| #endif
| #ifdef STDC_HEADERS
| # include <stdlib.h>
| # include <stddef.h>
| #else
| # ifdef HAVE_STDLIB_H
| #  include <stdlib.h>
| # endif
| #endif
| #ifdef HAVE_STRING_H
| # if !defined STDC_HEADERS && defined HAVE_MEMORY_H
| #  include <memory.h>
| # endif
| # include <string.h>
| #endif
| #ifdef HAVE_STRINGS_H
| # include <strings.h>
| #endif
| #ifdef HAVE_INTTYPES_H
| # include <inttypes.h>
| #endif
| #ifdef HAVE_STDINT_H
| # include <stdint.h>
| #endif
| #ifdef HAVE_UNISTD_H
| # include <unistd.h>
| #endif
| int
| main ()
| {
| if (sizeof ((size_t)))
| 	    return 0;
|   ;
|   return 0;
| }
configure:17883: result: yes
configure:17894: checking for uint32_t
configure:17894: g++ -c -g -O2  -DdSINGLE conftest.c >&5
clang: warning: treating 'c' input as 'c++' when in C++ mode, this behavior is deprecated [-Wdeprecated]
configure:17894: $? = 0
configure:17894: result: yes
configure:17909: checking for main in -lm
configure:17928: g++ -o conftest -g -O2  -DdSINGLE  conftest.c -lm   -lpthread >&5
clang: warning: treating 'c' input as 'c++' when in C++ mode, this behavior is deprecated [-Wdeprecated]
configure:17928: $? = 0
configure:17937: result: yes
configure:17948: checking for main in -lsunmath
configure:17967: g++ -o conftest -g -O2  -DdSINGLE  conftest.c -lsunmath  -lm  -lpthread >&5
clang: warning: treating 'c' input as 'c++' when in C++ mode, this behavior is deprecated [-Wdeprecated]
ld: library not found for -lsunmath
clang: error: linker command failed with exit code 1 (use -v to see invocation)
configure:17967: $? = 1
configure: failed program was:
| /* confdefs.h */
| #define PACKAGE_NAME "ODE"
| #define PACKAGE_TARNAME "ode"
| #define PACKAGE_VERSION "0.12"
| #define PACKAGE_STRING "ODE 0.12"
| #define PACKAGE_BUGREPORT "ode@ode.org"
| #define PACKAGE_URL ""
| #define PACKAGE "ode"
| #define VERSION "0.12"
| #define STDC_HEADERS 1
| #define HAVE_SYS_TYPES_H 1
| #define HAVE_SYS_STAT_H 1
| #define HAVE_STDLIB_H 1
| #define HAVE_STRING_H 1
| #define HAVE_MEMORY_H 1
| #define HAVE_STRINGS_H 1
| #define HAVE_INTTYPES_H 1
| #define HAVE_STDINT_H 1
| #define HAVE_UNISTD_H 1
| #define HAVE_DLFCN_H 1
| #define LT_OBJDIR ".libs/"
| #define X86_64_SYSTEM 1
| #define HAVE_ALLOCA_H 1
| #define HAVE_STDIO_H 1
| #define HAVE_INTTYPES_H 1
| #define HAVE_STDINT_H 1
| #define HAVE_STDLIB_H 1
| #define HAVE_MATH_H 1
| #define HAVE_STRING_H 1
| #define HAVE_STDARG_H 1
| #define HAVE_FLOAT_H 1
| #define HAVE_TIME_H 1
| #define HAVE_SYS_TIME_H 1
| #define HAVE_LIMITS_H 1
| #define HAVE_STDDEF_H 1
| #define HAVE_APPLE_OPENGL_FRAMEWORK 1
| #define HAVE_LIBM 1
| /* end confdefs.h.  */
| 
| 
| int
| main ()
| {
| return main ();
|   ;
|   return 0;
| }
configure:17976: result: no
configure:17990: checking for floor
configure:17990: g++ -o conftest -g -O2  -DdSINGLE  conftest.c -lm  -lpthread >&5
clang: warning: treating 'c' input as 'c++' when in C++ mode, this behavior is deprecated [-Wdeprecated]
configure:17990: $? = 0
configure:17990: result: yes
configure:17990: checking for memmove
configure:17990: g++ -o conftest -g -O2  -DdSINGLE  conftest.c -lm  -lpthread >&5
clang: warning: treating 'c' input as 'c++' when in C++ mode, this behavior is deprecated [-Wdeprecated]
configure:17990: $? = 0
configure:17990: result: yes
configure:17990: checking for memset
configure:17990: g++ -o conftest -g -O2  -DdSINGLE  conftest.c -lm  -lpthread >&5
clang: warning: treating 'c' input as 'c++' when in C++ mode, this behavior is deprecated [-Wdeprecated]
configure:17990: $? = 0
configure:17990: result: yes
configure:17990: checking for select
configure:17990: g++ -o conftest -g -O2  -DdSINGLE  conftest.c -lm  -lpthread >&5
clang: warning: treating 'c' input as 'c++' when in C++ mode, this behavior is deprecated [-Wdeprecated]
configure:17990: $? = 0
configure:17990: result: yes
configure:17990: checking for sqrt
configure:17990: g++ -o conftest -g -O2  -DdSINGLE  conftest.c -lm  -lpthread >&5
clang: warning: treating 'c' input as 'c++' when in C++ mode, this behavior is deprecated [-Wdeprecated]
configure:17990: $? = 0
configure:17990: result: yes
configure:17990: checking for sqrtf
configure:17990: g++ -o conftest -g -O2  -DdSINGLE  conftest.c -lm  -lpthread >&5
clang: warning: treating 'c' input as 'c++' when in C++ mode, this behavior is deprecated [-Wdeprecated]
configure:17990: $? = 0
configure:17990: result: yes
configure:17990: checking for sinf
configure:17990: g++ -o conftest -g -O2  -DdSINGLE  conftest.c -lm  -lpthread >&5
clang: warning: treating 'c' input as 'c++' when in C++ mode, this behavior is deprecated [-Wdeprecated]
configure:17990: $? = 0
configure:17990: result: yes
configure:17990: checking for cosf
configure:17990: g++ -o conftest -g -O2  -DdSINGLE  conftest.c -lm  -lpthread >&5
clang: warning: treating 'c' input as 'c++' when in C++ mode, this behavior is deprecated [-Wdeprecated]
configure:17990: $? = 0
configure:17990: result: yes
configure:17990: checking for fabsf
configure:17990: g++ -o conftest -g -O2  -DdSINGLE  conftest.c -lm  -lpthread >&5
clang: warning: treating 'c' input as 'c++' when in C++ mode, this behavior is deprecated [-Wdeprecated]
configure:17990: $? = 0
configure:17990: result: yes
configure:17990: checking for atan2f
configure:17990: g++ -o conftest -g -O2  -DdSINGLE  conftest.c -lm  -lpthread >&5
clang: warning: treating 'c' input as 'c++' when in C++ mode, this behavior is deprecated [-Wdeprecated]
configure:17990: $? = 0
configure:17990: result: yes
configure:17990: checking for fmodf
configure:17990: g++ -o conftest -g -O2  -DdSINGLE  conftest.c -lm  -lpthread >&5
clang: warning: treating 'c' input as 'c++' when in C++ mode, this behavior is deprecated [-Wdeprecated]
configure:17990: $? = 0
configure:17990: result: yes
configure:17990: checking for copysignf
configure:17990: g++ -o conftest -g -O2  -DdSINGLE  conftest.c -lm  -lpthread >&5
clang: warning: treating 'c' input as 'c++' when in C++ mode, this behavior is deprecated [-Wdeprecated]
configure:17990: $? = 0
configure:17990: result: yes
configure:17990: checking for copysign
configure:17990: g++ -o conftest -g -O2  -DdSINGLE  conftest.c -lm  -lpthread >&5
clang: warning: treating 'c' input as 'c++' when in C++ mode, this behavior is deprecated [-Wdeprecated]
configure:17990: $? = 0
configure:17990: result: yes
configure:17990: checking for snprintf
configure:17990: g++ -o conftest -g -O2  -DdSINGLE  conftest.c -lm  -lpthread >&5
clang: warning: treating 'c' input as 'c++' when in C++ mode, this behavior is deprecated [-Wdeprecated]
configure:17990: $? = 0
configure:17990: result: yes
configure:17990: checking for vsnprintf
configure:17990: g++ -o conftest -g -O2  -DdSINGLE  conftest.c -lm  -lpthread >&5
clang: warning: treating 'c' input as 'c++' when in C++ mode, this behavior is deprecated [-Wdeprecated]
configure:17990: $? = 0
configure:17990: result: yes
configure:17990: checking for gettimeofday
configure:17990: g++ -o conftest -g -O2  -DdSINGLE  conftest.c -lm  -lpthread >&5
clang: warning: treating 'c' input as 'c++' when in C++ mode, this behavior is deprecated [-Wdeprecated]
configure:17990: $? = 0
configure:17990: result: yes
configure:17990: checking for isnan
configure:17990: g++ -o conftest -g -O2  -DdSINGLE  conftest.c -lm  -lpthread >&5
clang: warning: treating 'c' input as 'c++' when in C++ mode, this behavior is deprecated [-Wdeprecated]
configure:17990: $? = 0
configure:17990: result: yes
configure:17990: checking for isnanf
configure:17990: g++ -o conftest -g -O2  -DdSINGLE  conftest.c -lm  -lpthread >&5
clang: warning: treating 'c' input as 'c++' when in C++ mode, this behavior is deprecated [-Wdeprecated]
Undefined symbols for architecture x86_64:
  "_isnanf", referenced from:
      _main in conftest-999fab.o
ld: symbol(s) not found for architecture x86_64
clang: error: linker command failed with exit code 1 (use -v to see invocation)
configure:17990: $? = 1
configure: failed program was:
| /* confdefs.h */
| #define PACKAGE_NAME "ODE"
| #define PACKAGE_TARNAME "ode"
| #define PACKAGE_VERSION "0.12"
| #define PACKAGE_STRING "ODE 0.12"
| #define PACKAGE_BUGREPORT "ode@ode.org"
| #define PACKAGE_URL ""
| #define PACKAGE "ode"
| #define VERSION "0.12"
| #define STDC_HEADERS 1
| #define HAVE_SYS_TYPES_H 1
| #define HAVE_SYS_STAT_H 1
| #define HAVE_STDLIB_H 1
| #define HAVE_STRING_H 1
| #define HAVE_MEMORY_H 1
| #define HAVE_STRINGS_H 1
| #define HAVE_INTTYPES_H 1
| #define HAVE_STDINT_H 1
| #define HAVE_UNISTD_H 1
| #define HAVE_DLFCN_H 1
| #define LT_OBJDIR ".libs/"
| #define X86_64_SYSTEM 1
| #define HAVE_ALLOCA_H 1
| #define HAVE_STDIO_H 1
| #define HAVE_INTTYPES_H 1
| #define HAVE_STDINT_H 1
| #define HAVE_STDLIB_H 1
| #define HAVE_MATH_H 1
| #define HAVE_STRING_H 1
| #define HAVE_STDARG_H 1
| #define HAVE_FLOAT_H 1
| #define HAVE_TIME_H 1
| #define HAVE_SYS_TIME_H 1
| #define HAVE_LIMITS_H 1
| #define HAVE_STDDEF_H 1
| #define HAVE_APPLE_OPENGL_FRAMEWORK 1
| #define HAVE_LIBM 1
| #define HAVE_FLOOR 1
| #define HAVE_MEMMOVE 1
| #define HAVE_MEMSET 1
| #define HAVE_SELECT 1
| #define HAVE_SQRT 1
| #define HAVE_SQRTF 1
| #define HAVE_SINF 1
| #define HAVE_COSF 1
| #define HAVE_FABSF 1
| #define HAVE_ATAN2F 1
| #define HAVE_FMODF 1
| #define HAVE_COPYSIGNF 1
| #define HAVE_COPYSIGN 1
| #define HAVE_SNPRINTF 1
| #define HAVE_VSNPRINTF 1
| #define HAVE_GETTIMEOFDAY 1
| #define HAVE_ISNAN 1
| /* end confdefs.h.  */
| /* Define isnanf to an innocuous variant, in case <limits.h> declares isnanf.
|    For example, HP-UX 11i <limits.h> declares gettimeofday.  */
| #define isnanf innocuous_isnanf
| 
| /* System header to define __stub macros and hopefully few prototypes,
|     which can conflict with char isnanf (); below.
|     Prefer <limits.h> to <assert.h> if __STDC__ is defined, since
|     <limits.h> exists even on freestanding compilers.  */
| 
| #ifdef __STDC__
| # include <limits.h>
| #else
| # include <assert.h>
| #endif
| 
| #undef isnanf
| 
| /* Override any GCC internal prototype to avoid an error.
|    Use char because int might match the return type of a GCC
|    builtin and then its argument prototype would still apply.  */
| #ifdef __cplusplus
| extern "C"
| #endif
| char isnanf ();
| /* The GNU C library defines this for functions which it implements
|     to always fail with ENOSYS.  Some functions are actually named
|     something starting with __ and the normal name is an alias.  */
| #if defined __stub_isnanf || defined __stub___isnanf
| choke me
| #endif
| 
| int
| main ()
| {
| return isnanf ();
|   ;
|   return 0;
| }
configure:17990: result: no
configure:17990: checking for _isnan
configure:17990: g++ -o conftest -g -O2  -DdSINGLE  conftest.c -lm  -lpthread >&5
clang: warning: treating 'c' input as 'c++' when in C++ mode, this behavior is deprecated [-Wdeprecated]
Undefined symbols for architecture x86_64:
  "__isnan", referenced from:
      _main in conftest-28ff63.o
ld: symbol(s) not found for architecture x86_64
clang: error: linker command failed with exit code 1 (use -v to see invocation)
configure:17990: $? = 1
configure: failed program was:
| /* confdefs.h */
| #define PACKAGE_NAME "ODE"
| #define PACKAGE_TARNAME "ode"
| #define PACKAGE_VERSION "0.12"
| #define PACKAGE_STRING "ODE 0.12"
| #define PACKAGE_BUGREPORT "ode@ode.org"
| #define PACKAGE_URL ""
| #define PACKAGE "ode"
| #define VERSION "0.12"
| #define STDC_HEADERS 1
| #define HAVE_SYS_TYPES_H 1
| #define HAVE_SYS_STAT_H 1
| #define HAVE_STDLIB_H 1
| #define HAVE_STRING_H 1
| #define HAVE_MEMORY_H 1
| #define HAVE_STRINGS_H 1
| #define HAVE_INTTYPES_H 1
| #define HAVE_STDINT_H 1
| #define HAVE_UNISTD_H 1
| #define HAVE_DLFCN_H 1
| #define LT_OBJDIR ".libs/"
| #define X86_64_SYSTEM 1
| #define HAVE_ALLOCA_H 1
| #define HAVE_STDIO_H 1
| #define HAVE_INTTYPES_H 1
| #define HAVE_STDINT_H 1
| #define HAVE_STDLIB_H 1
| #define HAVE_MATH_H 1
| #define HAVE_STRING_H 1
| #define HAVE_STDARG_H 1
| #define HAVE_FLOAT_H 1
| #define HAVE_TIME_H 1
| #define HAVE_SYS_TIME_H 1
| #define HAVE_LIMITS_H 1
| #define HAVE_STDDEF_H 1
| #define HAVE_APPLE_OPENGL_FRAMEWORK 1
| #define HAVE_LIBM 1
| #define HAVE_FLOOR 1
| #define HAVE_MEMMOVE 1
| #define HAVE_MEMSET 1
| #define HAVE_SELECT 1
| #define HAVE_SQRT 1
| #define HAVE_SQRTF 1
| #define HAVE_SINF 1
| #define HAVE_COSF 1
| #define HAVE_FABSF 1
| #define HAVE_ATAN2F 1
| #define HAVE_FMODF 1
| #define HAVE_COPYSIGNF 1
| #define HAVE_COPYSIGN 1
| #define HAVE_SNPRINTF 1
| #define HAVE_VSNPRINTF 1
| #define HAVE_GETTIMEOFDAY 1
| #define HAVE_ISNAN 1
| /* end confdefs.h.  */
| /* Define _isnan to an innocuous variant, in case <limits.h> declares _isnan.
|    For example, HP-UX 11i <limits.h> declares gettimeofday.  */
| #define _isnan innocuous__isnan
| 
| /* System header to define __stub macros and hopefully few prototypes,
|     which can conflict with char _isnan (); below.
|     Prefer <limits.h> to <assert.h> if __STDC__ is defined, since
|     <limits.h> exists even on freestanding compilers.  */
| 
| #ifdef __STDC__
| # include <limits.h>
| #else
| # include <assert.h>
| #endif
| 
| #undef _isnan
| 
| /* Override any GCC internal prototype to avoid an error.
|    Use char because int might match the return type of a GCC
|    builtin and then its argument prototype would still apply.  */
| #ifdef __cplusplus
| extern "C"
| #endif
| char _isnan ();
| /* The GNU C library defines this for functions which it implements
|     to always fail with ENOSYS.  Some functions are actually named
|     something starting with __ and the normal name is an alias.  */
| #if defined __stub__isnan || defined __stub____isnan
| choke me
| #endif
| 
| int
| main ()
| {
| return _isnan ();
|   ;
|   return 0;
| }
configure:17990: result: no
configure:17990: checking for _isnanf
configure:17990: g++ -o conftest -g -O2  -DdSINGLE  conftest.c -lm  -lpthread >&5
clang: warning: treating 'c' input as 'c++' when in C++ mode, this behavior is deprecated [-Wdeprecated]
Undefined symbols for architecture x86_64:
  "__isnanf", referenced from:
      _main in conftest-27453d.o
ld: symbol(s) not found for architecture x86_64
clang: error: linker command failed with exit code 1 (use -v to see invocation)
configure:17990: $? = 1
configure: failed program was:
| /* confdefs.h */
| #define PACKAGE_NAME "ODE"
| #define PACKAGE_TARNAME "ode"
| #define PACKAGE_VERSION "0.12"
| #define PACKAGE_STRING "ODE 0.12"
| #define PACKAGE_BUGREPORT "ode@ode.org"
| #define PACKAGE_URL ""
| #define PACKAGE "ode"
| #define VERSION "0.12"
| #define STDC_HEADERS 1
| #define HAVE_SYS_TYPES_H 1
| #define HAVE_SYS_STAT_H 1
| #define HAVE_STDLIB_H 1
| #define HAVE_STRING_H 1
| #define HAVE_MEMORY_H 1
| #define HAVE_STRINGS_H 1
| #define HAVE_INTTYPES_H 1
| #define HAVE_STDINT_H 1
| #define HAVE_UNISTD_H 1
| #define HAVE_DLFCN_H 1
| #define LT_OBJDIR ".libs/"
| #define X86_64_SYSTEM 1
| #define HAVE_ALLOCA_H 1
| #define HAVE_STDIO_H 1
| #define HAVE_INTTYPES_H 1
| #define HAVE_STDINT_H 1
| #define HAVE_STDLIB_H 1
| #define HAVE_MATH_H 1
| #define HAVE_STRING_H 1
| #define HAVE_STDARG_H 1
| #define HAVE_FLOAT_H 1
| #define HAVE_TIME_H 1
| #define HAVE_SYS_TIME_H 1
| #define HAVE_LIMITS_H 1
| #define HAVE_STDDEF_H 1
| #define HAVE_APPLE_OPENGL_FRAMEWORK 1
| #define HAVE_LIBM 1
| #define HAVE_FLOOR 1
| #define HAVE_MEMMOVE 1
| #define HAVE_MEMSET 1
| #define HAVE_SELECT 1
| #define HAVE_SQRT 1
| #define HAVE_SQRTF 1
| #define HAVE_SINF 1
| #define HAVE_COSF 1
| #define HAVE_FABSF 1
| #define HAVE_ATAN2F 1
| #define HAVE_FMODF 1
| #define HAVE_COPYSIGNF 1
| #define HAVE_COPYSIGN 1
| #define HAVE_SNPRINTF 1
| #define HAVE_VSNPRINTF 1
| #define HAVE_GETTIMEOFDAY 1
| #define HAVE_ISNAN 1
| /* end confdefs.h.  */
| /* Define _isnanf to an innocuous variant, in case <limits.h> declares _isnanf.
|    For example, HP-UX 11i <limits.h> declares gettimeofday.  */
| #define _isnanf innocuous__isnanf
| 
| /* System header to define __stub macros and hopefully few prototypes,
|     which can conflict with char _isnanf (); below.
|     Prefer <limits.h> to <assert.h> if __STDC__ is defined, since
|     <limits.h> exists even on freestanding compilers.  */
| 
| #ifdef __STDC__
| # include <limits.h>
| #else
| # include <assert.h>
| #endif
| 
| #undef _isnanf
| 
| /* Override any GCC internal prototype to avoid an error.
|    Use char because int might match the return type of a GCC
|    builtin and then its argument prototype would still apply.  */
| #ifdef __cplusplus
| extern "C"
| #endif
| char _isnanf ();
| /* The GNU C library defines this for functions which it implements
|     to always fail with ENOSYS.  Some functions are actually named
|     something starting with __ and the normal name is an alias.  */
| #if defined __stub__isnanf || defined __stub____isnanf
| choke me
| #endif
| 
| int
| main ()
| {
| return _isnanf ();
|   ;
|   return 0;
| }
configure:17990: result: no
configure:17990: checking for __isnan
configure:17990: g++ -o conftest -g -O2  -DdSINGLE  conftest.c -lm  -lpthread >&5
clang: warning: treating 'c' input as 'c++' when in C++ mode, this behavior is deprecated [-Wdeprecated]
configure:17990: $? = 0
configure:17990: result: yes
configure:17990: checking for __isnanf
configure:17990: g++ -o conftest -g -O2  -DdSINGLE  conftest.c -lm  -lpthread >&5
clang: warning: treating 'c' input as 'c++' when in C++ mode, this behavior is deprecated [-Wdeprecated]
configure:17990: $? = 0
configure:17990: result: yes
configure:17990: checking for strchr
configure:17990: g++ -o conftest -g -O2  -DdSINGLE  conftest.c -lm  -lpthread >&5
clang: warning: treating 'c' input as 'c++' when in C++ mode, this behavior is deprecated [-Wdeprecated]
configure:17990: $? = 0
configure:17990: result: yes
configure:17990: checking for strstr
configure:17990: g++ -o conftest -g -O2  -DdSINGLE  conftest.c -lm  -lpthread >&5
clang: warning: treating 'c' input as 'c++' when in C++ mode, this behavior is deprecated [-Wdeprecated]
configure:17990: $? = 0
configure:17990: result: yes
configure:18001: checking for working alloca.h
configure:18018: g++ -o conftest -g -O2  -DdSINGLE  conftest.c -lm  -lpthread >&5
clang: warning: treating 'c' input as 'c++' when in C++ mode, this behavior is deprecated [-Wdeprecated]
configure:18018: $? = 0
configure:18026: result: yes
configure:18034: checking for alloca
configure:18071: g++ -o conftest -g -O2  -DdSINGLE  conftest.c -lm  -lpthread >&5
clang: warning: treating 'c' input as 'c++' when in C++ mode, this behavior is deprecated [-Wdeprecated]
configure:18071: $? = 0
configure:18079: result: yes
configure:18187: checking for stdlib.h
configure:18187: result: yes
configure:18197: checking for GNU libc compatible malloc
configure:18221: g++ -o conftest -g -O2  -DdSINGLE  conftest.c -lm  -lpthread >&5
clang: warning: treating 'c' input as 'c++' when in C++ mode, this behavior is deprecated [-Wdeprecated]
configure:18221: $? = 0
configure:18221: ./conftest
configure:18221: $? = 0
configure:18231: result: yes
configure:18252: checking for obstacks
configure:18281: result: no
configure:18298: checking for stdlib.h
configure:18298: result: yes
configure:18308: checking for GNU libc compatible realloc
configure:18332: g++ -o conftest -g -O2  -DdSINGLE  conftest.c -lm  -lpthread >&5
clang: warning: treating 'c' input as 'c++' when in C++ mode, this behavior is deprecated [-Wdeprecated]
configure:18332: $? = 0
configure:18332: ./conftest
configure:18332: $? = 0
configure:18342: result: yes
configure:18366: checking sys/select.h usability
configure:18366: g++ -c -g -O2  -DdSINGLE conftest.c >&5
clang: warning: treating 'c' input as 'c++' when in C++ mode, this behavior is deprecated [-Wdeprecated]
configure:18366: $? = 0
configure:18366: result: yes
configure:18366: checking sys/select.h presence
configure:18366: gcc -E  -DdSINGLE conftest.c
configure:18366: $? = 0
configure:18366: result: yes
configure:18366: checking for sys/select.h
configure:18366: result: yes
configure:18366: checking sys/socket.h usability
configure:18366: g++ -c -g -O2  -DdSINGLE conftest.c >&5
clang: warning: treating 'c' input as 'c++' when in C++ mode, this behavior is deprecated [-Wdeprecated]
configure:18366: $? = 0
configure:18366: result: yes
configure:18366: checking sys/socket.h presence
configure:18366: gcc -E  -DdSINGLE conftest.c
configure:18366: $? = 0
configure:18366: result: yes
configure:18366: checking for sys/socket.h
configure:18366: result: yes
configure:18376: checking types of arguments for select
configure:18404: g++ -c -g -O2  -DdSINGLE conftest.c >&5
clang: warning: treating 'c' input as 'c++' when in C++ mode, this behavior is deprecated [-Wdeprecated]
configure:18404: $? = 0
configure:18415: result: int,fd_set *,struct timeval *
configure:18440: checking for vprintf
configure:18440: g++ -o conftest -g -O2  -DdSINGLE  conftest.c -lm  -lpthread >&5
clang: warning: treating 'c' input as 'c++' when in C++ mode, this behavior is deprecated [-Wdeprecated]
configure:18440: $? = 0
configure:18440: result: yes
configure:18446: checking for _doprnt
configure:18446: g++ -o conftest -g -O2  -DdSINGLE  conftest.c -lm  -lpthread >&5
clang: warning: treating 'c' input as 'c++' when in C++ mode, this behavior is deprecated [-Wdeprecated]
Undefined symbols for architecture x86_64:
  "__doprnt", referenced from:
      _main in conftest-5bf0cf.o
ld: symbol(s) not found for architecture x86_64
clang: error: linker command failed with exit code 1 (use -v to see invocation)
configure:18446: $? = 1
configure: failed program was:
| /* confdefs.h */
| #define PACKAGE_NAME "ODE"
| #define PACKAGE_TARNAME "ode"
| #define PACKAGE_VERSION "0.12"
| #define PACKAGE_STRING "ODE 0.12"
| #define PACKAGE_BUGREPORT "ode@ode.org"
| #define PACKAGE_URL ""
| #define PACKAGE "ode"
| #define VERSION "0.12"
| #define STDC_HEADERS 1
| #define HAVE_SYS_TYPES_H 1
| #define HAVE_SYS_STAT_H 1
| #define HAVE_STDLIB_H 1
| #define HAVE_STRING_H 1
| #define HAVE_MEMORY_H 1
| #define HAVE_STRINGS_H 1
| #define HAVE_INTTYPES_H 1
| #define HAVE_STDINT_H 1
| #define HAVE_UNISTD_H 1
| #define HAVE_DLFCN_H 1
| #define LT_OBJDIR ".libs/"
| #define X86_64_SYSTEM 1
| #define HAVE_ALLOCA_H 1
| #define HAVE_STDIO_H 1
| #define HAVE_INTTYPES_H 1
| #define HAVE_STDINT_H 1
| #define HAVE_STDLIB_H 1
| #define HAVE_MATH_H 1
| #define HAVE_STRING_H 1
| #define HAVE_STDARG_H 1
| #define HAVE_FLOAT_H 1
| #define HAVE_TIME_H 1
| #define HAVE_SYS_TIME_H 1
| #define HAVE_LIMITS_H 1
| #define HAVE_STDDEF_H 1
| #define HAVE_APPLE_OPENGL_FRAMEWORK 1
| #define HAVE_LIBM 1
| #define HAVE_FLOOR 1
| #define HAVE_MEMMOVE 1
| #define HAVE_MEMSET 1
| #define HAVE_SELECT 1
| #define HAVE_SQRT 1
| #define HAVE_SQRTF 1
| #define HAVE_SINF 1
| #define HAVE_COSF 1
| #define HAVE_FABSF 1
| #define HAVE_ATAN2F 1
| #define HAVE_FMODF 1
| #define HAVE_COPYSIGNF 1
| #define HAVE_COPYSIGN 1
| #define HAVE_SNPRINTF 1
| #define HAVE_VSNPRINTF 1
| #define HAVE_GETTIMEOFDAY 1
| #define HAVE_ISNAN 1
| #define HAVE___ISNAN 1
| #define HAVE___ISNANF 1
| #define HAVE_STRCHR 1
| #define HAVE_STRSTR 1
| #define HAVE_ALLOCA_H 1
| #define HAVE_ALLOCA 1
| #define HAVE_STDLIB_H 1
| #define HAVE_MALLOC 1
| #define HAVE_STDLIB_H 1
| #define HAVE_REALLOC 1
| #define HAVE_SYS_SELECT_H 1
| #define HAVE_SYS_SOCKET_H 1
| #define SELECT_TYPE_ARG1 int
| #define SELECT_TYPE_ARG234 (fd_set *)
| #define SELECT_TYPE_ARG5 (struct timeval *)
| #define HAVE_VPRINTF 1
| /* end confdefs.h.  */
| /* Define _doprnt to an innocuous variant, in case <limits.h> declares _doprnt.
|    For example, HP-UX 11i <limits.h> declares gettimeofday.  */
| #define _doprnt innocuous__doprnt
| 
| /* System header to define __stub macros and hopefully few prototypes,
|     which can conflict with char _doprnt (); below.
|     Prefer <limits.h> to <assert.h> if __STDC__ is defined, since
|     <limits.h> exists even on freestanding compilers.  */
| 
| #ifdef __STDC__
| # include <limits.h>
| #else
| # include <assert.h>
| #endif
| 
| #undef _doprnt
| 
| /* Override any GCC internal prototype to avoid an error.
|    Use char because int might match the return type of a GCC
|    builtin and then its argument prototype would still apply.  */
| #ifdef __cplusplus
| extern "C"
| #endif
| char _doprnt ();
| /* The GNU C library defines this for functions which it implements
|     to always fail with ENOSYS.  Some functions are actually named
|     something starting with __ and the normal name is an alias.  */
| #if defined __stub__doprnt || defined __stub____doprnt
| choke me
| #endif
| 
| int
| main ()
| {
| return _doprnt ();
|   ;
|   return 0;
| }
configure:18446: result: no
configure:18861: checking that generated files are newer than configure
configure:18867: result: done
configure:18975: creating ./config.status

## ---------------------- ##
## Running config.status. ##
## ---------------------- ##

This file was extended by ODE config.status 0.12, which was
generated by GNU Autoconf 2.69.  Invocation command line was

  CONFIG_FILES    = 
  CONFIG_HEADERS  = 
  CONFIG_LINKS    = 
  CONFIG_COMMANDS = 
  $ ./config.status 

on ip0af5108c.int.uvm.edu

config.status:1275: creating Makefile
config.status:1275: creating include/Makefile
config.status:1275: creating include/ode/Makefile
config.status:1275: creating include/drawstuff/Makefile
config.status:1275: creating ode/Makefile
config.status:1275: creating ode/src/Makefile
config.status:1275: creating ode/src/joints/Makefile
config.status:1275: creating drawstuff/Makefile
config.status:1275: creating drawstuff/src/Makefile
config.status:1275: creating drawstuff/dstest/Makefile
config.status:1275: creating ode/demo/Makefile
config.status:1275: creating OPCODE/Makefile
config.status:1275: creating OPCODE/Ice/Makefile
config.status:1275: creating GIMPACT/Makefile
config.status:1275: creating GIMPACT/include/Makefile
config.status:1275: creating GIMPACT/include/GIMPACT/Makefile
config.status:1275: creating GIMPACT/src/Makefile
config.status:1275: creating tests/Makefile
config.status:1275: creating tests/UnitTest++/Makefile
config.status:1275: creating tests/UnitTest++/src/Makefile
config.status:1275: creating tests/UnitTest++/src/Posix/Makefile
config.status:1275: creating tests/UnitTest++/src/Win32/Makefile
config.status:1275: creating ode-config
config.status:1275: creating ode.pc
config.status:1275: creating drawstuff.pc
config.status:1275: creating ode/src/config.h
config.status:1456: ode/src/config.h is unchanged
config.status:1504: executing depfiles commands
config.status:1581: cd ode/src       && sed -e '/# am--include-marker/d' Makefile         | make -f - am--depfiles
make: Nothing to be done for `am--depfiles'.
config.status:1586: $? = 0
config.status:1581: cd ode/src/joints       && sed -e '/# am--include-marker/d' Makefile         | make -f - am--depfiles
make: Nothing to be done for `am--depfiles'.
config.status:1586: $? = 0
config.status:1581: cd drawstuff/src       && sed -e '/# am--include-marker/d' Makefile         | make -f - am--depfiles
/var/folders/2b/wx3cvdls35q728nz1fj31js80000gn/T/GmSxOUCE:733: not installing drawstuff
make: Nothing to be done for `am--depfiles'.
config.status:1586: $? = 0
config.status:1581: cd drawstuff/dstest       && sed -e '/# am--include-marker/d' Makefile         | make -f - am--depfiles
make: Nothing to be done for `am--depfiles'.
config.status:1586: $? = 0
config.status:1581: cd ode/demo       && sed -e '/# am--include-marker/d' Makefile         | make -f - am--depfiles
make: Nothing to be done for `am--depfiles'.
config.status:1586: $? = 0
config.status:1581: cd OPCODE       && sed -e '/# am--include-marker/d' Makefile         | make -f - am--depfiles
make: Nothing to be done for `am--depfiles'.
config.status:1586: $? = 0
config.status:1581: cd OPCODE/Ice       && sed -e '/# am--include-marker/d' Makefile         | make -f - am--depfiles
make: Nothing to be done for `am--depfiles'.
config.status:1586: $? = 0
config.status:1581: cd GIMPACT/src       && sed -e '/# am--include-marker/d' Makefile         | make -f - am--depfiles
make: Nothing to be done for `am--depfiles'.
config.status:1586: $? = 0
config.status:1581: cd tests       && sed -e '/# am--include-marker/d' Makefile         | make -f - am--depfiles
make: Nothing to be done for `am--depfiles'.
config.status:1586: $? = 0
config.status:1581: cd tests/UnitTest++/src       && sed -e '/# am--include-marker/d' Makefile         | make -f - am--depfiles
make: Nothing to be done for `am--depfiles'.
config.status:1586: $? = 0
config.status:1581: cd tests/UnitTest++/src/Posix       && sed -e '/# am--include-marker/d' Makefile         | make -f - am--depfiles
make: Nothing to be done for `am--depfiles'.
config.status:1586: $? = 0
config.status:1581: cd tests/UnitTest++/src/Win32       && sed -e '/# am--include-marker/d' Makefile         | make -f - am--depfiles
make: Nothing to be done for `am--depfiles'.
config.status:1586: $? = 0
config.status:1504: executing libtool commands
configure:21480: === configuring in ou (/Users/JeanBaptisteBolh/Documents/School/CS352/Final/ode-0.12-drawstuff-master/ou)
configure:21543: running /bin/sh ./configure --disable-option-checking '--prefix=/usr/local'  --cache-file=/dev/null --srcdir=.
configure:21480: === configuring in libccd (/Users/JeanBaptisteBolh/Documents/School/CS352/Final/ode-0.12-drawstuff-master/libccd)
configure:21543: running /bin/sh ./configure --disable-option-checking '--prefix=/usr/local'  --cache-file=/dev/null --srcdir=.

## ---------------- ##
## Cache variables. ##
## ---------------- ##

ac_cv_build=x86_64-apple-darwin17.7.0
ac_cv_c_bigendian=no
ac_cv_c_compiler_gnu=yes
ac_cv_c_inline=inline
ac_cv_c_int32_t=yes
ac_cv_c_uint32_t=yes
ac_cv_c_volatile=yes
ac_cv_cxx_compiler_gnu=yes
ac_cv_env_CCC_set=
ac_cv_env_CCC_value=
ac_cv_env_CC_set=
ac_cv_env_CC_value=
ac_cv_env_CFLAGS_set=
ac_cv_env_CFLAGS_value=
ac_cv_env_CPPFLAGS_set=
ac_cv_env_CPPFLAGS_value=
ac_cv_env_CPP_set=
ac_cv_env_CPP_value=
ac_cv_env_CXXCPP_set=
ac_cv_env_CXXCPP_value=
ac_cv_env_CXXFLAGS_set=
ac_cv_env_CXXFLAGS_value=
ac_cv_env_CXX_set=
ac_cv_env_CXX_value=
ac_cv_env_LDFLAGS_set=
ac_cv_env_LDFLAGS_value=
ac_cv_env_LIBS_set=
ac_cv_env_LIBS_value=
ac_cv_env_LT_SYS_LIBRARY_PATH_set=
ac_cv_env_LT_SYS_LIBRARY_PATH_value=
ac_cv_env_PKG_CONFIG_LIBDIR_set=
ac_cv_env_PKG_CONFIG_LIBDIR_value=
ac_cv_env_PKG_CONFIG_PATH_set=
ac_cv_env_PKG_CONFIG_PATH_value=
ac_cv_env_PKG_CONFIG_set=
ac_cv_env_PKG_CONFIG_value=
ac_cv_env_X11_CFLAGS_set=
ac_cv_env_X11_CFLAGS_value=
ac_cv_env_X11_LIBS_set=
ac_cv_env_X11_LIBS_value=
ac_cv_env_build_alias_set=
ac_cv_env_build_alias_value=
ac_cv_env_host_alias_set=
ac_cv_env_host_alias_value=
ac_cv_env_target_alias_set=
ac_cv_env_target_alias_value=
ac_cv_func___isnan=yes
ac_cv_func___isnanf=yes
ac_cv_func__doprnt=no
ac_cv_func__isnan=no
ac_cv_func__isnanf=no
ac_cv_func_alloca_works=yes
ac_cv_func_atan2f=yes
ac_cv_func_copysign=yes
ac_cv_func_copysignf=yes
ac_cv_func_cosf=yes
ac_cv_func_fabsf=yes
ac_cv_func_floor=yes
ac_cv_func_fmodf=yes
ac_cv_func_gettimeofday=yes
ac_cv_func_isnan=yes
ac_cv_func_isnanf=no
ac_cv_func_malloc_0_nonnull=yes
ac_cv_func_memmove=yes
ac_cv_func_memset=yes
ac_cv_func_obstack=no
ac_cv_func_realloc_0_nonnull=yes
ac_cv_func_select=yes
ac_cv_func_select_args='int,fd_set *,struct timeval *'
ac_cv_func_sinf=yes
ac_cv_func_snprintf=yes
ac_cv_func_sqrt=yes
ac_cv_func_sqrtf=yes
ac_cv_func_strchr=yes
ac_cv_func_strstr=yes
ac_cv_func_vprintf=yes
ac_cv_func_vsnprintf=yes
ac_cv_header_alloca_h=yes
ac_cv_header_dlfcn_h=yes
ac_cv_header_float_h=yes
ac_cv_header_inttypes_h=yes
ac_cv_header_limits_h=yes
ac_cv_header_malloc_h=no
ac_cv_header_math_h=yes
ac_cv_header_memory_h=yes
ac_cv_header_stdarg_h=yes
ac_cv_header_stdbool_h=no
ac_cv_header_stdc=yes
ac_cv_header_stddef_h=yes
ac_cv_header_stdint_h=yes
ac_cv_header_stdio_h=yes
ac_cv_header_stdlib_h=yes
ac_cv_header_string_h=yes
ac_cv_header_strings_h=yes
ac_cv_header_sys_select_h=yes
ac_cv_header_sys_socket_h=yes
ac_cv_header_sys_stat_h=yes
ac_cv_header_sys_time_h=yes
ac_cv_header_sys_types_h=yes
ac_cv_header_time_h=yes
ac_cv_header_unistd_h=yes
ac_cv_host=x86_64-apple-darwin17.7.0
ac_cv_lib_m_main=yes
ac_cv_lib_pthread_main=yes
ac_cv_lib_stdcpp_main=yes
ac_cv_lib_sunmath_main=no
ac_cv_objext=o
ac_cv_path_EGREP='/usr/bin/grep -E'
ac_cv_path_FGREP='/usr/bin/grep -F'
ac_cv_path_GREP=/usr/bin/grep
ac_cv_path_SED=/usr/bin/sed
ac_cv_path_ac_pt_PKG_CONFIG=/usr/local/bin/pkg-config
ac_cv_path_install='/usr/local/bin/ginstall -c'
ac_cv_path_lt_DD=/bin/dd
ac_cv_path_mkdir=/usr/local/bin/gmkdir
ac_cv_prog_AWK=awk
ac_cv_prog_CPP='gcc -E'
ac_cv_prog_CXXCPP='g++ -E'
ac_cv_prog_ac_ct_AR=ar
ac_cv_prog_ac_ct_CC=gcc
ac_cv_prog_ac_ct_CXX=g++
ac_cv_prog_ac_ct_DSYMUTIL=dsymutil
ac_cv_prog_ac_ct_LIPO=lipo
ac_cv_prog_ac_ct_NMEDIT=nmedit
ac_cv_prog_ac_ct_OBJDUMP=objdump
ac_cv_prog_ac_ct_OTOOL=otool
ac_cv_prog_ac_ct_RANLIB=ranlib
ac_cv_prog_ac_ct_STRIP=strip
ac_cv_prog_cc_c89=
ac_cv_prog_cc_g=yes
ac_cv_prog_cxx_g=yes
ac_cv_prog_make_make_set=yes
ac_cv_type__Bool=no
ac_cv_type_size_t=yes
ac_cv_working_alloca_h=yes
am_cv_CC_dependencies_compiler_type=gcc3
am_cv_CXX_dependencies_compiler_type=gcc3
am_cv_make_support_nested_variables=yes
am_cv_prog_cc_c_o=yes
lt_cv_apple_cc_single_mod=yes
lt_cv_ar_at_file=no
lt_cv_deplibs_check_method=pass_all
lt_cv_file_magic_cmd='$MAGIC_CMD'
lt_cv_file_magic_test_file=
lt_cv_ld_exported_symbols_list=yes
lt_cv_ld_force_load=yes
lt_cv_ld_reload_flag=-r
lt_cv_nm_interface='BSD nm'
lt_cv_objdir=.libs
lt_cv_path_LD=/Applications/Xcode.app/Contents/Developer/Toolchains/XcodeDefault.xctoolchain/usr/bin/ld
lt_cv_path_LDCXX=/Applications/Xcode.app/Contents/Developer/Toolchains/XcodeDefault.xctoolchain/usr/bin/ld
lt_cv_path_NM='/usr/bin/nm -B'
lt_cv_path_mainfest_tool=no
lt_cv_prog_compiler_c_o=yes
lt_cv_prog_compiler_c_o_CXX=yes
lt_cv_prog_compiler_pic='-fno-common -DPIC'
lt_cv_prog_compiler_pic_CXX='-fno-common -DPIC'
lt_cv_prog_compiler_pic_works=yes
lt_cv_prog_compiler_pic_works_CXX=yes
lt_cv_prog_compiler_rtti_exceptions=yes
lt_cv_prog_compiler_static_works=no
lt_cv_prog_compiler_static_works_CXX=no
lt_cv_prog_gnu_ld=no
lt_cv_prog_gnu_ldcxx=no
lt_cv_sharedlib_from_linklib_cmd='printf %s\n'
lt_cv_sys_global_symbol_pipe='sed -n -e '\''s/^.*[	 ]\([BCDEGRST][BCDEGRST]*\)[	 ][	 ]*_\([_A-Za-z][_A-Za-z0-9]*\)$/\1 _\2 \2/p'\'' | sed '\''/ __gnu_lto/d'\'''
lt_cv_sys_global_symbol_to_c_name_address='sed -n -e '\''s/^: \(.*\) .*$/  {"\1", (void *) 0},/p'\'' -e '\''s/^[BCDEGRST][BCDEGRST]* .* \(.*\)$/  {"\1", (void *) \&\1},/p'\'''
lt_cv_sys_global_symbol_to_c_name_address_lib_prefix='sed -n -e '\''s/^: \(.*\) .*$/  {"\1", (void *) 0},/p'\'' -e '\''s/^[BCDEGRST][BCDEGRST]* .* \(lib.*\)$/  {"\1", (void *) \&\1},/p'\'' -e '\''s/^[BCDEGRST][BCDEGRST]* .* \(.*\)$/  {"lib\1", (void *) \&\1},/p'\'''
lt_cv_sys_global_symbol_to_cdecl='sed -n -e '\''s/^T .* \(.*\)$/extern int \1();/p'\'' -e '\''s/^[BCDEGRST][BCDEGRST]* .* \(.*\)$/extern char \1;/p'\'''
lt_cv_sys_global_symbol_to_import=
lt_cv_sys_max_cmd_len=196608
lt_cv_to_host_file_cmd=func_convert_file_noop
lt_cv_to_tool_file_cmd=func_convert_file_noop
lt_cv_truncate_bin='/bin/dd bs=4096 count=1'

## ----------------- ##
## Output variables. ##
## ----------------- ##

ACLOCAL='${SHELL} /Users/JeanBaptisteBolh/Documents/School/CS352/Final/ode-0.12-drawstuff-master/missing aclocal-1.16'
ALLOCA=''
AMDEPBACKSLASH='\'
AMDEP_FALSE='#'
AMDEP_TRUE=''
AMTAR='$${TAR-tar}'
AM_BACKSLASH='\'
AM_DEFAULT_V='$(AM_DEFAULT_VERBOSITY)'
AM_DEFAULT_VERBOSITY='1'
AM_V='$(V)'
AR='ar'
AS='as'
AUTOCONF='${SHELL} /Users/JeanBaptisteBolh/Documents/School/CS352/Final/ode-0.12-drawstuff-master/missing autoconf'
AUTOHEADER='${SHELL} /Users/JeanBaptisteBolh/Documents/School/CS352/Final/ode-0.12-drawstuff-master/missing autoheader'
AUTOMAKE='${SHELL} /Users/JeanBaptisteBolh/Documents/School/CS352/Final/ode-0.12-drawstuff-master/missing automake-1.16'
AWK='awk'
CC='g++'
CCDEPMODE='depmode=gcc3'
CFLAGS='-g -O2'
CPP='gcc -E'
CPPFLAGS=' -DdSINGLE'
CXX='g++'
CXXCPP='g++ -E'
CXXDEPMODE='depmode=gcc3'
CXXFLAGS='-g -O2'
CYGPATH_W='echo'
DEFS='-DHAVE_CONFIG_H'
DEPDIR='.deps'
DLLTOOL='false'
DRAWSTUFF_CFLAGS=''
DRAWSTUFF_LIBS=''
DSYMUTIL='dsymutil'
DUMPBIN=''
ECHO_C='\c'
ECHO_N=''
ECHO_T=''
EGREP='/usr/bin/grep -E'
ENABLE_DEMOS_FALSE='#'
ENABLE_DEMOS_TRUE=''
ENABLE_DRAWSTUFF_FALSE='#'
ENABLE_DRAWSTUFF_TRUE=''
ENABLE_OU_FALSE=''
ENABLE_OU_TRUE='#'
EXEEXT=''
EXTRA_LIBTOOL_LDFLAGS=''
FGREP='/usr/bin/grep -F'
GIMPACT_FALSE=''
GIMPACT_TRUE='#'
GL_LIBS='-framework OpenGL -framework GLUT'
GREP='/usr/bin/grep'
INSTALL_DATA='${INSTALL} -m 644'
INSTALL_DRAWSTUFF_FALSE=''
INSTALL_DRAWSTUFF_TRUE='#'
INSTALL_PROGRAM='${INSTALL}'
INSTALL_SCRIPT='${INSTALL}'
INSTALL_STRIP_PROGRAM='$(install_sh) -c -s'
LD='/Applications/Xcode.app/Contents/Developer/Toolchains/XcodeDefault.xctoolchain/usr/bin/ld'
LDFLAGS=''
LIBCCD_BOX_CYL_FALSE=''
LIBCCD_BOX_CYL_TRUE='#'
LIBCCD_CAP_CYL_FALSE=''
LIBCCD_CAP_CYL_TRUE='#'
LIBCCD_CONVEX_BOX_FALSE=''
LIBCCD_CONVEX_BOX_TRUE='#'
LIBCCD_CONVEX_CAP_FALSE=''
LIBCCD_CONVEX_CAP_TRUE='#'
LIBCCD_CONVEX_CONVEX_FALSE=''
LIBCCD_CONVEX_CONVEX_TRUE='#'
LIBCCD_CONVEX_CYL_FALSE=''
LIBCCD_CONVEX_CYL_TRUE='#'
LIBCCD_CONVEX_SPHERE_FALSE=''
LIBCCD_CONVEX_SPHERE_TRUE='#'
LIBCCD_CYL_CYL_FALSE=''
LIBCCD_CYL_CYL_TRUE='#'
LIBCCD_FALSE=''
LIBCCD_TRUE='#'
LIBOBJS=' ${LIBOBJDIR}obstack$U.o'
LIBS='-lm  -lpthread'
LIBSTDCXX='-lstdc++'
LIBTOOL='$(SHELL) $(top_builddir)/libtool'
LIPO='lipo'
LN_S='ln -s'
LTLIBOBJS=' ${LIBOBJDIR}obstack$U.lo'
LT_SYS_LIBRARY_PATH=''
MAKEINFO='${SHELL} /Users/JeanBaptisteBolh/Documents/School/CS352/Final/ode-0.12-drawstuff-master/missing makeinfo'
MANIFEST_TOOL=':'
MKDIR_P='/usr/local/bin/gmkdir -p'
NM='/usr/bin/nm -B'
NMEDIT='nmedit'
OBJDUMP='objdump'
OBJEXT='o'
ODE_PRECISION='-DdSINGLE'
ODE_RELEASE='0.12'
ODE_VERSION_INFO='-version-info 3:0:0'
OPCODE_FALSE='#'
OPCODE_TRUE=''
OSX_FALSE='#'
OSX_TRUE=''
OTOOL64=':'
OTOOL='otool'
PACKAGE='ode'
PACKAGE_BUGREPORT='ode@ode.org'
PACKAGE_NAME='ODE'
PACKAGE_STRING='ODE 0.12'
PACKAGE_TARNAME='ode'
PACKAGE_URL=''
PACKAGE_VERSION='0.12'
PATH_SEPARATOR=':'
PKG_CONFIG='/usr/local/bin/pkg-config'
PKG_CONFIG_LIBDIR=''
PKG_CONFIG_PATH=''
RANLIB='ranlib'
SED='/usr/bin/sed'
SET_MAKE=''
SHELL='/bin/sh'
STRIP='strip'
TRIMESH_FALSE='#'
TRIMESH_TRUE=''
VERSION='0.12'
WIN32_FALSE=''
WIN32_TRUE='#'
WINDRES=''
X11_CFLAGS=''
X11_FALSE=''
X11_LIBS=''
X11_TRUE='#'
X86_64_SYSTEM_FALSE='#'
X86_64_SYSTEM_TRUE=''
ac_ct_AR='ar'
ac_ct_CC='gcc'
ac_ct_CXX='g++'
ac_ct_DUMPBIN=''
ac_ct_WINDRES=''
am__EXEEXT_FALSE=''
am__EXEEXT_TRUE='#'
am__fastdepCC_FALSE='#'
am__fastdepCC_TRUE=''
am__fastdepCXX_FALSE='#'
am__fastdepCXX_TRUE=''
am__include='include'
am__isrc=''
am__leading_dot='.'
am__nodep='_no'
am__quote=''
am__tar='$${TAR-tar} chof - "$$tardir"'
am__untar='$${TAR-tar} xf -'
bindir='${exec_prefix}/bin'
build='x86_64-apple-darwin17.7.0'
build_alias=''
build_cpu='x86_64'
build_os='darwin17.7.0'
build_vendor='apple'
datadir='${datarootdir}'
datarootdir='${prefix}/share'
docdir='${datarootdir}/doc/${PACKAGE_TARNAME}'
dvidir='${docdir}'
exec_prefix='${prefix}'
host='x86_64-apple-darwin17.7.0'
host_alias=''
host_cpu='x86_64'
host_os='darwin17.7.0'
host_vendor='apple'
htmldir='${docdir}'
includedir='${prefix}/include'
infodir='${datarootdir}/info'
install_sh='${SHELL} /Users/JeanBaptisteBolh/Documents/School/CS352/Final/ode-0.12-drawstuff-master/install-sh'
libdir='${exec_prefix}/lib'
libexecdir='${exec_prefix}/libexec'
localedir='${datarootdir}/locale'
localstatedir='${prefix}/var'
mandir='${datarootdir}/man'
mkdir_p='$(MKDIR_P)'
oldincludedir='/usr/include'
pdfdir='${docdir}'
prefix='/usr/local'
program_transform_name='s,x,x,'
psdir='${docdir}'
sbindir='${exec_prefix}/sbin'
sharedstatedir='${prefix}/com'
subdirs=' ou libccd'
sysconfdir='${prefix}/etc'
target_alias=''

## ----------- ##
## confdefs.h. ##
## ----------- ##

/* confdefs.h */
#define PACKAGE_NAME "ODE"
#define PACKAGE_TARNAME "ode"
#define PACKAGE_VERSION "0.12"
#define PACKAGE_STRING "ODE 0.12"
#define PACKAGE_BUGREPORT "ode@ode.org"
#define PACKAGE_URL ""
#define PACKAGE "ode"
#define VERSION "0.12"
#define STDC_HEADERS 1
#define HAVE_SYS_TYPES_H 1
#define HAVE_SYS_STAT_H 1
#define HAVE_STDLIB_H 1
#define HAVE_STRING_H 1
#define HAVE_MEMORY_H 1
#define HAVE_STRINGS_H 1
#define HAVE_INTTYPES_H 1
#define HAVE_STDINT_H 1
#define HAVE_UNISTD_H 1
#define HAVE_DLFCN_H 1
#define LT_OBJDIR ".libs/"
#define X86_64_SYSTEM 1
#define HAVE_ALLOCA_H 1
#define HAVE_STDIO_H 1
#define HAVE_INTTYPES_H 1
#define HAVE_STDINT_H 1
#define HAVE_STDLIB_H 1
#define HAVE_MATH_H 1
#define HAVE_STRING_H 1
#define HAVE_STDARG_H 1
#define HAVE_FLOAT_H 1
#define HAVE_TIME_H 1
#define HAVE_SYS_TIME_H 1
#define HAVE_LIMITS_H 1
#define HAVE_STDDEF_H 1
#define HAVE_APPLE_OPENGL_FRAMEWORK 1
#define HAVE_LIBM 1
#define HAVE_FLOOR 1
#define HAVE_MEMMOVE 1
#define HAVE_MEMSET 1
#define HAVE_SELECT 1
#define HAVE_SQRT 1
#define HAVE_SQRTF 1
#define HAVE_SINF 1
#define HAVE_COSF 1
#define HAVE_FABSF 1
#define HAVE_ATAN2F 1
#define HAVE_FMODF 1
#define HAVE_COPYSIGNF 1
#define HAVE_COPYSIGN 1
#define HAVE_SNPRINTF 1
#define HAVE_VSNPRINTF 1
#define HAVE_GETTIMEOFDAY 1
#define HAVE_ISNAN 1
#define HAVE___ISNAN 1
#define HAVE___ISNANF 1
#define HAVE_STRCHR 1
#define HAVE_STRSTR 1
#define HAVE_ALLOCA_H 1
#define HAVE_ALLOCA 1
#define HAVE_STDLIB_H 1
#define HAVE_MALLOC 1
#define HAVE_STDLIB_H 1
#define HAVE_REALLOC 1
#define HAVE_SYS_SELECT_H 1
#define HAVE_SYS_SOCKET_H 1
#define SELECT_TYPE_ARG1 int
#define SELECT_TYPE_ARG234 (fd_set *)
#define SELECT_TYPE_ARG5 (struct timeval *)
#define HAVE_VPRINTF 1

configure: exit 0
